{"/Users/andeladeveloper/Desktop/backups/postitLatest/PostIt/tests/usertests.spec.js":{"path":"/Users/andeladeveloper/Desktop/backups/postitLatest/PostIt/tests/usertests.spec.js","statementMap":{"0":{"start":{"line":3,"column":12},"end":{"line":3,"column":27}},"1":{"start":{"line":5,"column":13},"end":{"line":5,"column":42}},"2":{"start":{"line":7,"column":17},"end":{"line":7,"column":37}},"3":{"start":{"line":9,"column":18},"end":{"line":9,"column":52}},"4":{"start":{"line":11,"column":11},"end":{"line":11,"column":28}},"5":{"start":{"line":13,"column":12},"end":{"line":13,"column":40}},"6":{"start":{"line":15,"column":14},"end":{"line":15,"column":41}},"7":{"start":{"line":17,"column":15},"end":{"line":17,"column":46}},"8":{"start":{"line":19,"column":13},"end":{"line":19,"column":39}},"9":{"start":{"line":21,"column":14},"end":{"line":21,"column":44}},"10":{"start":{"line":23,"column":39},"end":{"line":23,"column":93}},"11":{"start":{"line":25,"column":13},"end":{"line":25,"column":34}},"12":{"start":{"line":27,"column":0},"end":{"line":159,"column":3}},"13":{"start":{"line":28,"column":2},"end":{"line":34,"column":5}},"14":{"start":{"line":29,"column":4},"end":{"line":33,"column":7}},"15":{"start":{"line":30,"column":6},"end":{"line":30,"column":17}},"16":{"start":{"line":32,"column":6},"end":{"line":32,"column":19}},"17":{"start":{"line":35,"column":2},"end":{"line":41,"column":5}},"18":{"start":{"line":36,"column":4},"end":{"line":40,"column":7}},"19":{"start":{"line":37,"column":6},"end":{"line":37,"column":39}},"20":{"start":{"line":38,"column":6},"end":{"line":38,"column":83}},"21":{"start":{"line":39,"column":6},"end":{"line":39,"column":13}},"22":{"start":{"line":43,"column":2},"end":{"line":48,"column":5}},"23":{"start":{"line":44,"column":4},"end":{"line":47,"column":7}},"24":{"start":{"line":45,"column":6},"end":{"line":45,"column":39}},"25":{"start":{"line":46,"column":6},"end":{"line":46,"column":13}},"26":{"start":{"line":50,"column":2},"end":{"line":55,"column":5}},"27":{"start":{"line":51,"column":4},"end":{"line":54,"column":7}},"28":{"start":{"line":52,"column":6},"end":{"line":52,"column":39}},"29":{"start":{"line":53,"column":6},"end":{"line":53,"column":13}},"30":{"start":{"line":57,"column":2},"end":{"line":62,"column":5}},"31":{"start":{"line":58,"column":4},"end":{"line":61,"column":7}},"32":{"start":{"line":59,"column":6},"end":{"line":59,"column":39}},"33":{"start":{"line":60,"column":6},"end":{"line":60,"column":13}},"34":{"start":{"line":64,"column":2},"end":{"line":70,"column":5}},"35":{"start":{"line":65,"column":4},"end":{"line":69,"column":7}},"36":{"start":{"line":66,"column":6},"end":{"line":66,"column":39}},"37":{"start":{"line":67,"column":6},"end":{"line":67,"column":65}},"38":{"start":{"line":68,"column":6},"end":{"line":68,"column":13}},"39":{"start":{"line":72,"column":2},"end":{"line":78,"column":5}},"40":{"start":{"line":73,"column":4},"end":{"line":77,"column":7}},"41":{"start":{"line":74,"column":6},"end":{"line":74,"column":39}},"42":{"start":{"line":75,"column":6},"end":{"line":75,"column":70}},"43":{"start":{"line":76,"column":6},"end":{"line":76,"column":13}},"44":{"start":{"line":80,"column":2},"end":{"line":86,"column":5}},"45":{"start":{"line":81,"column":4},"end":{"line":85,"column":7}},"46":{"start":{"line":82,"column":6},"end":{"line":82,"column":39}},"47":{"start":{"line":83,"column":6},"end":{"line":83,"column":70}},"48":{"start":{"line":84,"column":6},"end":{"line":84,"column":13}},"49":{"start":{"line":88,"column":2},"end":{"line":94,"column":5}},"50":{"start":{"line":89,"column":4},"end":{"line":93,"column":7}},"51":{"start":{"line":90,"column":6},"end":{"line":90,"column":39}},"52":{"start":{"line":91,"column":6},"end":{"line":91,"column":62}},"53":{"start":{"line":92,"column":6},"end":{"line":92,"column":13}},"54":{"start":{"line":96,"column":2},"end":{"line":102,"column":5}},"55":{"start":{"line":97,"column":4},"end":{"line":101,"column":7}},"56":{"start":{"line":98,"column":6},"end":{"line":98,"column":39}},"57":{"start":{"line":99,"column":6},"end":{"line":99,"column":67}},"58":{"start":{"line":100,"column":6},"end":{"line":100,"column":13}},"59":{"start":{"line":104,"column":2},"end":{"line":110,"column":5}},"60":{"start":{"line":105,"column":4},"end":{"line":109,"column":7}},"61":{"start":{"line":106,"column":6},"end":{"line":106,"column":39}},"62":{"start":{"line":107,"column":6},"end":{"line":107,"column":70}},"63":{"start":{"line":108,"column":6},"end":{"line":108,"column":13}},"64":{"start":{"line":112,"column":2},"end":{"line":118,"column":5}},"65":{"start":{"line":113,"column":4},"end":{"line":117,"column":7}},"66":{"start":{"line":114,"column":6},"end":{"line":114,"column":39}},"67":{"start":{"line":115,"column":6},"end":{"line":115,"column":70}},"68":{"start":{"line":116,"column":6},"end":{"line":116,"column":13}},"69":{"start":{"line":120,"column":2},"end":{"line":126,"column":5}},"70":{"start":{"line":121,"column":4},"end":{"line":125,"column":7}},"71":{"start":{"line":122,"column":6},"end":{"line":122,"column":39}},"72":{"start":{"line":123,"column":6},"end":{"line":123,"column":70}},"73":{"start":{"line":124,"column":6},"end":{"line":124,"column":13}},"74":{"start":{"line":128,"column":2},"end":{"line":134,"column":5}},"75":{"start":{"line":129,"column":4},"end":{"line":133,"column":7}},"76":{"start":{"line":130,"column":6},"end":{"line":130,"column":39}},"77":{"start":{"line":131,"column":6},"end":{"line":131,"column":113}},"78":{"start":{"line":132,"column":6},"end":{"line":132,"column":13}},"79":{"start":{"line":136,"column":2},"end":{"line":142,"column":5}},"80":{"start":{"line":137,"column":4},"end":{"line":141,"column":7}},"81":{"start":{"line":138,"column":6},"end":{"line":138,"column":39}},"82":{"start":{"line":139,"column":6},"end":{"line":139,"column":113}},"83":{"start":{"line":140,"column":6},"end":{"line":140,"column":13}},"84":{"start":{"line":144,"column":2},"end":{"line":150,"column":5}},"85":{"start":{"line":145,"column":4},"end":{"line":149,"column":7}},"86":{"start":{"line":146,"column":6},"end":{"line":146,"column":39}},"87":{"start":{"line":147,"column":6},"end":{"line":147,"column":74}},"88":{"start":{"line":148,"column":6},"end":{"line":148,"column":13}},"89":{"start":{"line":152,"column":2},"end":{"line":158,"column":5}},"90":{"start":{"line":153,"column":4},"end":{"line":157,"column":7}},"91":{"start":{"line":154,"column":6},"end":{"line":154,"column":39}},"92":{"start":{"line":155,"column":6},"end":{"line":155,"column":74}},"93":{"start":{"line":156,"column":6},"end":{"line":156,"column":13}},"94":{"start":{"line":161,"column":0},"end":{"line":185,"column":3}},"95":{"start":{"line":162,"column":2},"end":{"line":168,"column":5}},"96":{"start":{"line":163,"column":4},"end":{"line":167,"column":7}},"97":{"start":{"line":164,"column":6},"end":{"line":164,"column":39}},"98":{"start":{"line":165,"column":6},"end":{"line":165,"column":60}},"99":{"start":{"line":166,"column":6},"end":{"line":166,"column":13}},"100":{"start":{"line":170,"column":2},"end":{"line":176,"column":5}},"101":{"start":{"line":171,"column":4},"end":{"line":175,"column":7}},"102":{"start":{"line":172,"column":6},"end":{"line":172,"column":39}},"103":{"start":{"line":173,"column":6},"end":{"line":173,"column":78}},"104":{"start":{"line":174,"column":6},"end":{"line":174,"column":13}},"105":{"start":{"line":178,"column":2},"end":{"line":184,"column":5}},"106":{"start":{"line":179,"column":4},"end":{"line":183,"column":7}},"107":{"start":{"line":180,"column":6},"end":{"line":180,"column":39}},"108":{"start":{"line":181,"column":6},"end":{"line":181,"column":62}},"109":{"start":{"line":182,"column":6},"end":{"line":182,"column":13}}},"fnMap":{"0":{"name":"_interopRequireDefault","decl":{"start":{"line":23,"column":9},"end":{"line":23,"column":31}},"loc":{"start":{"line":23,"column":37},"end":{"line":23,"column":95}},"line":23},"1":{"name":"(anonymous_1)","decl":{"start":{"line":27,"column":26},"end":{"line":27,"column":27}},"loc":{"start":{"line":27,"column":38},"end":{"line":159,"column":1}},"line":27},"2":{"name":"(anonymous_2)","decl":{"start":{"line":28,"column":9},"end":{"line":28,"column":10}},"loc":{"start":{"line":28,"column":25},"end":{"line":34,"column":3}},"line":28},"3":{"name":"(anonymous_3)","decl":{"start":{"line":29,"column":58},"end":{"line":29,"column":59}},"loc":{"start":{"line":29,"column":70},"end":{"line":31,"column":5}},"line":29},"4":{"name":"(anonymous_4)","decl":{"start":{"line":31,"column":13},"end":{"line":31,"column":14}},"loc":{"start":{"line":31,"column":31},"end":{"line":33,"column":5}},"line":31},"5":{"name":"(anonymous_5)","decl":{"start":{"line":35,"column":33},"end":{"line":35,"column":34}},"loc":{"start":{"line":35,"column":49},"end":{"line":41,"column":3}},"line":35},"6":{"name":"(anonymous_6)","decl":{"start":{"line":36,"column":109},"end":{"line":36,"column":110}},"loc":{"start":{"line":36,"column":129},"end":{"line":40,"column":5}},"line":36},"7":{"name":"(anonymous_7)","decl":{"start":{"line":43,"column":33},"end":{"line":43,"column":34}},"loc":{"start":{"line":43,"column":49},"end":{"line":48,"column":3}},"line":43},"8":{"name":"(anonymous_8)","decl":{"start":{"line":44,"column":109},"end":{"line":44,"column":110}},"loc":{"start":{"line":44,"column":129},"end":{"line":47,"column":5}},"line":44},"9":{"name":"(anonymous_9)","decl":{"start":{"line":50,"column":33},"end":{"line":50,"column":34}},"loc":{"start":{"line":50,"column":49},"end":{"line":55,"column":3}},"line":50},"10":{"name":"(anonymous_10)","decl":{"start":{"line":51,"column":109},"end":{"line":51,"column":110}},"loc":{"start":{"line":51,"column":129},"end":{"line":54,"column":5}},"line":51},"11":{"name":"(anonymous_11)","decl":{"start":{"line":57,"column":33},"end":{"line":57,"column":34}},"loc":{"start":{"line":57,"column":49},"end":{"line":62,"column":3}},"line":57},"12":{"name":"(anonymous_12)","decl":{"start":{"line":58,"column":110},"end":{"line":58,"column":111}},"loc":{"start":{"line":58,"column":130},"end":{"line":61,"column":5}},"line":58},"13":{"name":"(anonymous_13)","decl":{"start":{"line":64,"column":51},"end":{"line":64,"column":52}},"loc":{"start":{"line":64,"column":67},"end":{"line":70,"column":3}},"line":64},"14":{"name":"(anonymous_14)","decl":{"start":{"line":65,"column":115},"end":{"line":65,"column":116}},"loc":{"start":{"line":65,"column":135},"end":{"line":69,"column":5}},"line":65},"15":{"name":"(anonymous_15)","decl":{"start":{"line":72,"column":51},"end":{"line":72,"column":52}},"loc":{"start":{"line":72,"column":67},"end":{"line":78,"column":3}},"line":72},"16":{"name":"(anonymous_16)","decl":{"start":{"line":73,"column":109},"end":{"line":73,"column":110}},"loc":{"start":{"line":73,"column":129},"end":{"line":77,"column":5}},"line":73},"17":{"name":"(anonymous_17)","decl":{"start":{"line":80,"column":55},"end":{"line":80,"column":56}},"loc":{"start":{"line":80,"column":71},"end":{"line":86,"column":3}},"line":80},"18":{"name":"(anonymous_18)","decl":{"start":{"line":81,"column":118},"end":{"line":81,"column":119}},"loc":{"start":{"line":81,"column":138},"end":{"line":85,"column":5}},"line":81},"19":{"name":"(anonymous_19)","decl":{"start":{"line":88,"column":48},"end":{"line":88,"column":49}},"loc":{"start":{"line":88,"column":64},"end":{"line":94,"column":3}},"line":88},"20":{"name":"(anonymous_20)","decl":{"start":{"line":89,"column":113},"end":{"line":89,"column":114}},"loc":{"start":{"line":89,"column":133},"end":{"line":93,"column":5}},"line":89},"21":{"name":"(anonymous_21)","decl":{"start":{"line":96,"column":48},"end":{"line":96,"column":49}},"loc":{"start":{"line":96,"column":64},"end":{"line":102,"column":3}},"line":96},"22":{"name":"(anonymous_22)","decl":{"start":{"line":97,"column":108},"end":{"line":97,"column":109}},"loc":{"start":{"line":97,"column":128},"end":{"line":101,"column":5}},"line":97},"23":{"name":"(anonymous_23)","decl":{"start":{"line":104,"column":70},"end":{"line":104,"column":71}},"loc":{"start":{"line":104,"column":86},"end":{"line":110,"column":3}},"line":104},"24":{"name":"(anonymous_24)","decl":{"start":{"line":105,"column":118},"end":{"line":105,"column":119}},"loc":{"start":{"line":105,"column":138},"end":{"line":109,"column":5}},"line":105},"25":{"name":"(anonymous_25)","decl":{"start":{"line":112,"column":70},"end":{"line":112,"column":71}},"loc":{"start":{"line":112,"column":86},"end":{"line":118,"column":3}},"line":112},"26":{"name":"(anonymous_26)","decl":{"start":{"line":113,"column":119},"end":{"line":113,"column":120}},"loc":{"start":{"line":113,"column":139},"end":{"line":117,"column":5}},"line":113},"27":{"name":"(anonymous_27)","decl":{"start":{"line":120,"column":70},"end":{"line":120,"column":71}},"loc":{"start":{"line":120,"column":86},"end":{"line":126,"column":3}},"line":120},"28":{"name":"(anonymous_28)","decl":{"start":{"line":121,"column":119},"end":{"line":121,"column":120}},"loc":{"start":{"line":121,"column":139},"end":{"line":125,"column":5}},"line":121},"29":{"name":"(anonymous_29)","decl":{"start":{"line":128,"column":63},"end":{"line":128,"column":64}},"loc":{"start":{"line":128,"column":79},"end":{"line":134,"column":3}},"line":128},"30":{"name":"(anonymous_30)","decl":{"start":{"line":129,"column":119},"end":{"line":129,"column":120}},"loc":{"start":{"line":129,"column":139},"end":{"line":133,"column":5}},"line":129},"31":{"name":"(anonymous_31)","decl":{"start":{"line":136,"column":64},"end":{"line":136,"column":65}},"loc":{"start":{"line":136,"column":80},"end":{"line":142,"column":3}},"line":136},"32":{"name":"(anonymous_32)","decl":{"start":{"line":137,"column":119},"end":{"line":137,"column":120}},"loc":{"start":{"line":137,"column":139},"end":{"line":141,"column":5}},"line":137},"33":{"name":"(anonymous_33)","decl":{"start":{"line":144,"column":55},"end":{"line":144,"column":56}},"loc":{"start":{"line":144,"column":71},"end":{"line":150,"column":3}},"line":144},"34":{"name":"(anonymous_34)","decl":{"start":{"line":145,"column":121},"end":{"line":145,"column":122}},"loc":{"start":{"line":145,"column":141},"end":{"line":149,"column":5}},"line":145},"35":{"name":"(anonymous_35)","decl":{"start":{"line":152,"column":55},"end":{"line":152,"column":56}},"loc":{"start":{"line":152,"column":71},"end":{"line":158,"column":3}},"line":152},"36":{"name":"(anonymous_36)","decl":{"start":{"line":153,"column":112},"end":{"line":153,"column":113}},"loc":{"start":{"line":153,"column":132},"end":{"line":157,"column":5}},"line":153},"37":{"name":"(anonymous_37)","decl":{"start":{"line":161,"column":33},"end":{"line":161,"column":34}},"loc":{"start":{"line":161,"column":45},"end":{"line":185,"column":1}},"line":161},"38":{"name":"(anonymous_38)","decl":{"start":{"line":162,"column":33},"end":{"line":162,"column":34}},"loc":{"start":{"line":162,"column":49},"end":{"line":168,"column":3}},"line":162},"39":{"name":"(anonymous_39)","decl":{"start":{"line":163,"column":109},"end":{"line":163,"column":110}},"loc":{"start":{"line":163,"column":129},"end":{"line":167,"column":5}},"line":163},"40":{"name":"(anonymous_40)","decl":{"start":{"line":170,"column":54},"end":{"line":170,"column":55}},"loc":{"start":{"line":170,"column":70},"end":{"line":176,"column":3}},"line":170},"41":{"name":"(anonymous_41)","decl":{"start":{"line":171,"column":125},"end":{"line":171,"column":126}},"loc":{"start":{"line":171,"column":145},"end":{"line":175,"column":5}},"line":171},"42":{"name":"(anonymous_42)","decl":{"start":{"line":178,"column":50},"end":{"line":178,"column":51}},"loc":{"start":{"line":178,"column":66},"end":{"line":184,"column":3}},"line":178},"43":{"name":"(anonymous_43)","decl":{"start":{"line":179,"column":112},"end":{"line":179,"column":113}},"loc":{"start":{"line":179,"column":132},"end":{"line":183,"column":5}},"line":179}},"branchMap":{"0":{"loc":{"start":{"line":23,"column":46},"end":{"line":23,"column":92}},"type":"cond-expr","locations":[{"start":{"line":23,"column":70},"end":{"line":23,"column":73}},{"start":{"line":23,"column":76},"end":{"line":23,"column":92}}],"line":23},"1":{"loc":{"start":{"line":23,"column":46},"end":{"line":23,"column":67}},"type":"binary-expr","locations":[{"start":{"line":23,"column":46},"end":{"line":23,"column":49}},{"start":{"line":23,"column":53},"end":{"line":23,"column":67}}],"line":23}},"s":{"0":1,"1":1,"2":1,"3":1,"4":1,"5":1,"6":1,"7":1,"8":1,"9":1,"10":5,"11":1,"12":1,"13":1,"14":1,"15":1,"16":0,"17":1,"18":1,"19":1,"20":1,"21":1,"22":1,"23":1,"24":1,"25":1,"26":1,"27":1,"28":1,"29":1,"30":1,"31":1,"32":1,"33":1,"34":1,"35":1,"36":1,"37":1,"38":1,"39":1,"40":1,"41":1,"42":1,"43":1,"44":1,"45":1,"46":1,"47":1,"48":1,"49":1,"50":1,"51":1,"52":1,"53":1,"54":1,"55":1,"56":1,"57":1,"58":1,"59":1,"60":1,"61":1,"62":1,"63":1,"64":1,"65":1,"66":1,"67":1,"68":1,"69":1,"70":1,"71":1,"72":1,"73":1,"74":1,"75":1,"76":1,"77":1,"78":1,"79":1,"80":1,"81":1,"82":1,"83":1,"84":1,"85":1,"86":1,"87":1,"88":1,"89":1,"90":1,"91":1,"92":1,"93":1,"94":1,"95":1,"96":1,"97":1,"98":1,"99":1,"100":1,"101":1,"102":1,"103":1,"104":1,"105":1,"106":1,"107":1,"108":1,"109":1},"f":{"0":5,"1":1,"2":1,"3":1,"4":0,"5":1,"6":1,"7":1,"8":1,"9":1,"10":1,"11":1,"12":1,"13":1,"14":1,"15":1,"16":1,"17":1,"18":1,"19":1,"20":1,"21":1,"22":1,"23":1,"24":1,"25":1,"26":1,"27":1,"28":1,"29":1,"30":1,"31":1,"32":1,"33":1,"34":1,"35":1,"36":1,"37":1,"38":1,"39":1,"40":1,"41":1,"42":1,"43":1},"b":{"0":[0,5],"1":[5,5]},"_coverageSchema":"332fd63041d2c1bcb487cc26dd0d5f7d97098a6c","hash":"6cd69058cad16edfaf5030259e91e8ad461bbe17","contentHash":"08d8cbec886873b3052552294975eb32_11.2.1"},"/Users/andeladeveloper/Desktop/backups/postitLatest/PostIt/app.js":{"path":"/Users/andeladeveloper/Desktop/backups/postitLatest/PostIt/app.js","statementMap":{"0":{"start":{"line":3,"column":15},"end":{"line":3,"column":33}},"1":{"start":{"line":5,"column":16},"end":{"line":5,"column":48}},"2":{"start":{"line":7,"column":14},"end":{"line":7,"column":31}},"3":{"start":{"line":9,"column":15},"end":{"line":9,"column":46}},"4":{"start":{"line":11,"column":18},"end":{"line":11,"column":40}},"5":{"start":{"line":13,"column":19},"end":{"line":13,"column":54}},"6":{"start":{"line":15,"column":16},"end":{"line":15,"column":35}},"7":{"start":{"line":17,"column":17},"end":{"line":17,"column":50}},"8":{"start":{"line":19,"column":12},"end":{"line":19,"column":27}},"9":{"start":{"line":21,"column":13},"end":{"line":21,"column":42}},"10":{"start":{"line":23,"column":12},"end":{"line":23,"column":27}},"11":{"start":{"line":25,"column":13},"end":{"line":25,"column":42}},"12":{"start":{"line":27,"column":15},"end":{"line":27,"column":33}},"13":{"start":{"line":29,"column":16},"end":{"line":29,"column":48}},"14":{"start":{"line":31,"column":15},"end":{"line":31,"column":33}},"15":{"start":{"line":33,"column":16},"end":{"line":33,"column":48}},"16":{"start":{"line":35,"column":21},"end":{"line":35,"column":52}},"17":{"start":{"line":37,"column":22},"end":{"line":37,"column":60}},"18":{"start":{"line":39,"column":14},"end":{"line":39,"column":40}},"19":{"start":{"line":41,"column":15},"end":{"line":41,"column":46}},"20":{"start":{"line":43,"column":39},"end":{"line":43,"column":93}},"21":{"start":{"line":45,"column":10},"end":{"line":45,"column":34}},"22":{"start":{"line":46,"column":11},"end":{"line":46,"column":49}},"23":{"start":{"line":47,"column":17},"end":{"line":47,"column":61}},"24":{"start":{"line":49,"column":0},"end":{"line":53,"column":3}},"25":{"start":{"line":55,"column":0},"end":{"line":55,"column":38}},"26":{"start":{"line":56,"column":0},"end":{"line":56,"column":37}},"27":{"start":{"line":57,"column":0},"end":{"line":57,"column":62}},"28":{"start":{"line":58,"column":0},"end":{"line":58,"column":41}},"29":{"start":{"line":59,"column":0},"end":{"line":69,"column":1}},"30":{"start":{"line":60,"column":24},"end":{"line":60,"column":71}},"31":{"start":{"line":61,"column":2},"end":{"line":63,"column":6}},"32":{"start":{"line":64,"column":2},"end":{"line":68,"column":6}},"33":{"start":{"line":71,"column":0},"end":{"line":75,"column":1}},"34":{"start":{"line":72,"column":2},"end":{"line":72,"column":44}},"35":{"start":{"line":74,"column":2},"end":{"line":74,"column":46}},"36":{"start":{"line":77,"column":0},"end":{"line":77,"column":38}},"37":{"start":{"line":78,"column":0},"end":{"line":78,"column":27}},"38":{"start":{"line":80,"column":0},"end":{"line":80,"column":42}},"39":{"start":{"line":82,"column":13},"end":{"line":82,"column":45}},"40":{"start":{"line":83,"column":0},"end":{"line":85,"column":3}},"41":{"start":{"line":84,"column":2},"end":{"line":84,"column":70}},"42":{"start":{"line":87,"column":0},"end":{"line":87,"column":24}}},"fnMap":{"0":{"name":"_interopRequireDefault","decl":{"start":{"line":43,"column":9},"end":{"line":43,"column":31}},"loc":{"start":{"line":43,"column":37},"end":{"line":43,"column":95}},"line":43},"1":{"name":"(anonymous_1)","decl":{"start":{"line":83,"column":20},"end":{"line":83,"column":21}},"loc":{"start":{"line":83,"column":32},"end":{"line":85,"column":1}},"line":83}},"branchMap":{"0":{"loc":{"start":{"line":43,"column":46},"end":{"line":43,"column":92}},"type":"cond-expr","locations":[{"start":{"line":43,"column":70},"end":{"line":43,"column":73}},{"start":{"line":43,"column":76},"end":{"line":43,"column":92}}],"line":43},"1":{"loc":{"start":{"line":43,"column":46},"end":{"line":43,"column":67}},"type":"binary-expr","locations":[{"start":{"line":43,"column":46},"end":{"line":43,"column":49}},{"start":{"line":43,"column":53},"end":{"line":43,"column":67}}],"line":43},"2":{"loc":{"start":{"line":46,"column":11},"end":{"line":46,"column":49}},"type":"binary-expr","locations":[{"start":{"line":46,"column":11},"end":{"line":46,"column":41}},{"start":{"line":46,"column":45},"end":{"line":46,"column":49}}],"line":46},"3":{"loc":{"start":{"line":59,"column":0},"end":{"line":69,"column":1}},"type":"if","locations":[{"start":{"line":59,"column":0},"end":{"line":69,"column":1}},{"start":{"line":59,"column":0},"end":{"line":69,"column":1}}],"line":59},"4":{"loc":{"start":{"line":71,"column":0},"end":{"line":75,"column":1}},"type":"if","locations":[{"start":{"line":71,"column":0},"end":{"line":75,"column":1}},{"start":{"line":71,"column":0},"end":{"line":75,"column":1}}],"line":71}},"s":{"0":1,"1":1,"2":1,"3":1,"4":1,"5":1,"6":1,"7":1,"8":1,"9":1,"10":1,"11":1,"12":1,"13":1,"14":1,"15":1,"16":1,"17":1,"18":1,"19":1,"20":10,"21":1,"22":1,"23":1,"24":1,"25":1,"26":1,"27":1,"28":1,"29":1,"30":0,"31":0,"32":0,"33":1,"34":0,"35":1,"36":1,"37":1,"38":1,"39":1,"40":1,"41":1,"42":1},"f":{"0":10,"1":1},"b":{"0":[1,9],"1":[10,10],"2":[1,1],"3":[0,1],"4":[0,1]},"_coverageSchema":"332fd63041d2c1bcb487cc26dd0d5f7d97098a6c","hash":"53af1938f29e66ebb013067c24e419755d36e1af","contentHash":"7913adb863c4990571389b63abe397ff_11.2.1"},"/Users/andeladeveloper/Desktop/backups/postitLatest/PostIt/webpack.config.dev.js":{"path":"/Users/andeladeveloper/Desktop/backups/postitLatest/PostIt/webpack.config.dev.js","statementMap":{"0":{"start":{"line":3,"column":0},"end":{"line":5,"column":3}},"1":{"start":{"line":7,"column":12},"end":{"line":7,"column":27}},"2":{"start":{"line":9,"column":13},"end":{"line":9,"column":42}},"3":{"start":{"line":11,"column":15},"end":{"line":11,"column":33}},"4":{"start":{"line":13,"column":16},"end":{"line":13,"column":48}},"5":{"start":{"line":15,"column":39},"end":{"line":15,"column":93}},"6":{"start":{"line":17,"column":18},"end":{"line":17,"column":58}},"7":{"start":{"line":18,"column":20},"end":{"line":18,"column":60}},"8":{"start":{"line":20,"column":0},"end":{"line":59,"column":2}}},"fnMap":{"0":{"name":"_interopRequireDefault","decl":{"start":{"line":15,"column":9},"end":{"line":15,"column":31}},"loc":{"start":{"line":15,"column":37},"end":{"line":15,"column":95}},"line":15}},"branchMap":{"0":{"loc":{"start":{"line":15,"column":46},"end":{"line":15,"column":92}},"type":"cond-expr","locations":[{"start":{"line":15,"column":70},"end":{"line":15,"column":73}},{"start":{"line":15,"column":76},"end":{"line":15,"column":92}}],"line":15},"1":{"loc":{"start":{"line":15,"column":46},"end":{"line":15,"column":67}},"type":"binary-expr","locations":[{"start":{"line":15,"column":46},"end":{"line":15,"column":49}},{"start":{"line":15,"column":53},"end":{"line":15,"column":67}}],"line":15}},"s":{"0":1,"1":1,"2":1,"3":1,"4":1,"5":2,"6":1,"7":1,"8":1},"f":{"0":2},"b":{"0":[0,2],"1":[2,2]},"_coverageSchema":"332fd63041d2c1bcb487cc26dd0d5f7d97098a6c","hash":"06afe7226c148806014d58514a10e5490838e71f","contentHash":"faa87a7ce49e4514a2c1683535e7e3b4_11.2.1"},"/Users/andeladeveloper/Desktop/backups/postitLatest/PostIt/server/routes/index.js":{"path":"/Users/andeladeveloper/Desktop/backups/postitLatest/PostIt/server/routes/index.js","statementMap":{"0":{"start":{"line":3,"column":14},"end":{"line":3,"column":31}},"1":{"start":{"line":5,"column":15},"end":{"line":5,"column":46}},"2":{"start":{"line":7,"column":12},"end":{"line":7,"column":27}},"3":{"start":{"line":9,"column":13},"end":{"line":9,"column":42}},"4":{"start":{"line":11,"column":19},"end":{"line":11,"column":44}},"5":{"start":{"line":13,"column":20},"end":{"line":13,"column":56}},"6":{"start":{"line":15,"column":20},"end":{"line":15,"column":57}},"7":{"start":{"line":17,"column":21},"end":{"line":17,"column":58}},"8":{"start":{"line":19,"column":21},"end":{"line":19,"column":59}},"9":{"start":{"line":21,"column":22},"end":{"line":21,"column":60}},"10":{"start":{"line":23,"column":20},"end":{"line":23,"column":57}},"11":{"start":{"line":25,"column":21},"end":{"line":25,"column":58}},"12":{"start":{"line":27,"column":23},"end":{"line":27,"column":63}},"13":{"start":{"line":29,"column":24},"end":{"line":29,"column":64}},"14":{"start":{"line":31,"column":39},"end":{"line":31,"column":93}},"15":{"start":{"line":33,"column":17},"end":{"line":33,"column":66}},"16":{"start":{"line":34,"column":15},"end":{"line":34,"column":62}},"17":{"start":{"line":35,"column":22},"end":{"line":35,"column":49}},"18":{"start":{"line":36,"column":22},"end":{"line":36,"column":49}},"19":{"start":{"line":37,"column":23},"end":{"line":37,"column":50}},"20":{"start":{"line":38,"column":25},"end":{"line":38,"column":55}},"21":{"start":{"line":40,"column":0},"end":{"line":40,"column":26}},"22":{"start":{"line":42,"column":0},"end":{"line":100,"column":2}},"23":{"start":{"line":43,"column":2},"end":{"line":47,"column":5}},"24":{"start":{"line":44,"column":4},"end":{"line":46,"column":7}},"25":{"start":{"line":50,"column":2},"end":{"line":50,"column":88}},"26":{"start":{"line":53,"column":2},"end":{"line":53,"column":120}},"27":{"start":{"line":56,"column":2},"end":{"line":56,"column":67}},"28":{"start":{"line":59,"column":2},"end":{"line":59,"column":147}},"29":{"start":{"line":62,"column":2},"end":{"line":62,"column":200}},"30":{"start":{"line":65,"column":2},"end":{"line":65,"column":206}},"31":{"start":{"line":69,"column":2},"end":{"line":69,"column":167}},"32":{"start":{"line":73,"column":2},"end":{"line":73,"column":171}},"33":{"start":{"line":76,"column":2},"end":{"line":76,"column":52}},"34":{"start":{"line":80,"column":2},"end":{"line":80,"column":81}},"35":{"start":{"line":84,"column":2},"end":{"line":84,"column":62}},"36":{"start":{"line":86,"column":2},"end":{"line":86,"column":71}},"37":{"start":{"line":89,"column":2},"end":{"line":93,"column":3}},"38":{"start":{"line":90,"column":4},"end":{"line":92,"column":7}},"39":{"start":{"line":91,"column":6},"end":{"line":91,"column":71}},"40":{"start":{"line":95,"column":2},"end":{"line":99,"column":3}},"41":{"start":{"line":96,"column":4},"end":{"line":98,"column":7}},"42":{"start":{"line":97,"column":6},"end":{"line":97,"column":73}}},"fnMap":{"0":{"name":"_interopRequireDefault","decl":{"start":{"line":31,"column":9},"end":{"line":31,"column":31}},"loc":{"start":{"line":31,"column":37},"end":{"line":31,"column":95}},"line":31},"1":{"name":"(anonymous_1)","decl":{"start":{"line":42,"column":17},"end":{"line":42,"column":18}},"loc":{"start":{"line":42,"column":32},"end":{"line":100,"column":1}},"line":42},"2":{"name":"(anonymous_2)","decl":{"start":{"line":43,"column":21},"end":{"line":43,"column":22}},"loc":{"start":{"line":43,"column":41},"end":{"line":47,"column":3}},"line":43},"3":{"name":"(anonymous_3)","decl":{"start":{"line":90,"column":17},"end":{"line":90,"column":18}},"loc":{"start":{"line":90,"column":37},"end":{"line":92,"column":5}},"line":90},"4":{"name":"(anonymous_4)","decl":{"start":{"line":96,"column":17},"end":{"line":96,"column":18}},"loc":{"start":{"line":96,"column":37},"end":{"line":98,"column":5}},"line":96}},"branchMap":{"0":{"loc":{"start":{"line":31,"column":46},"end":{"line":31,"column":92}},"type":"cond-expr","locations":[{"start":{"line":31,"column":70},"end":{"line":31,"column":73}},{"start":{"line":31,"column":76},"end":{"line":31,"column":92}}],"line":31},"1":{"loc":{"start":{"line":31,"column":46},"end":{"line":31,"column":67}},"type":"binary-expr","locations":[{"start":{"line":31,"column":46},"end":{"line":31,"column":49}},{"start":{"line":31,"column":53},"end":{"line":31,"column":67}}],"line":31},"2":{"loc":{"start":{"line":89,"column":2},"end":{"line":93,"column":3}},"type":"if","locations":[{"start":{"line":89,"column":2},"end":{"line":93,"column":3}},{"start":{"line":89,"column":2},"end":{"line":93,"column":3}}],"line":89},"3":{"loc":{"start":{"line":95,"column":2},"end":{"line":99,"column":3}},"type":"if","locations":[{"start":{"line":95,"column":2},"end":{"line":99,"column":3}},{"start":{"line":95,"column":2},"end":{"line":99,"column":3}}],"line":95}},"s":{"0":1,"1":1,"2":1,"3":1,"4":1,"5":1,"6":1,"7":1,"8":1,"9":1,"10":1,"11":1,"12":1,"13":1,"14":7,"15":1,"16":1,"17":1,"18":1,"19":1,"20":1,"21":1,"22":1,"23":1,"24":0,"25":1,"26":1,"27":1,"28":1,"29":1,"30":1,"31":1,"32":1,"33":1,"34":1,"35":1,"36":1,"37":1,"38":0,"39":0,"40":1,"41":0,"42":0},"f":{"0":7,"1":1,"2":0,"3":0,"4":0},"b":{"0":[3,4],"1":[7,7],"2":[0,1],"3":[0,1]},"_coverageSchema":"332fd63041d2c1bcb487cc26dd0d5f7d97098a6c","hash":"0a49f356a4e67b697f5383ba78b38de1497dab1e","contentHash":"bbd73fb07896205e666b911250462ade_11.2.1"},"/Users/andeladeveloper/Desktop/backups/postitLatest/PostIt/server/controllers/index.js":{"path":"/Users/andeladeveloper/Desktop/backups/postitLatest/PostIt/server/controllers/index.js","statementMap":{"0":{"start":{"line":3,"column":13},"end":{"line":3,"column":31}},"1":{"start":{"line":5,"column":14},"end":{"line":5,"column":44}},"2":{"start":{"line":7,"column":13},"end":{"line":7,"column":31}},"3":{"start":{"line":9,"column":14},"end":{"line":9,"column":44}},"4":{"start":{"line":11,"column":14},"end":{"line":11,"column":33}},"5":{"start":{"line":13,"column":15},"end":{"line":13,"column":46}},"6":{"start":{"line":15,"column":16},"end":{"line":15,"column":37}},"7":{"start":{"line":17,"column":17},"end":{"line":17,"column":50}},"8":{"start":{"line":19,"column":39},"end":{"line":19,"column":93}},"9":{"start":{"line":21,"column":0},"end":{"line":26,"column":2}}},"fnMap":{"0":{"name":"_interopRequireDefault","decl":{"start":{"line":19,"column":9},"end":{"line":19,"column":31}},"loc":{"start":{"line":19,"column":37},"end":{"line":19,"column":95}},"line":19}},"branchMap":{"0":{"loc":{"start":{"line":19,"column":46},"end":{"line":19,"column":92}},"type":"cond-expr","locations":[{"start":{"line":19,"column":70},"end":{"line":19,"column":73}},{"start":{"line":19,"column":76},"end":{"line":19,"column":92}}],"line":19},"1":{"loc":{"start":{"line":19,"column":46},"end":{"line":19,"column":67}},"type":"binary-expr","locations":[{"start":{"line":19,"column":46},"end":{"line":19,"column":49}},{"start":{"line":19,"column":53},"end":{"line":19,"column":67}}],"line":19}},"s":{"0":1,"1":1,"2":1,"3":1,"4":1,"5":1,"6":1,"7":1,"8":4,"9":1},"f":{"0":4},"b":{"0":[0,4],"1":[4,4]},"_coverageSchema":"332fd63041d2c1bcb487cc26dd0d5f7d97098a6c","hash":"c93da783ee6a2a0291b68d71492c95a38cddd1d0","contentHash":"9ad567cd1d29926987c2766e529fa6e9_11.2.1"},"/Users/andeladeveloper/Desktop/backups/postitLatest/PostIt/server/controllers/users.js":{"path":"/Users/andeladeveloper/Desktop/backups/postitLatest/PostIt/server/controllers/users.js","statementMap":{"0":{"start":{"line":3,"column":14},"end":{"line":3,"column":31}},"1":{"start":{"line":5,"column":15},"end":{"line":5,"column":46}},"2":{"start":{"line":7,"column":20},"end":{"line":7,"column":43}},"3":{"start":{"line":9,"column":21},"end":{"line":9,"column":58}},"4":{"start":{"line":11,"column":14},"end":{"line":11,"column":31}},"5":{"start":{"line":13,"column":15},"end":{"line":13,"column":46}},"6":{"start":{"line":15,"column":14},"end":{"line":15,"column":34}},"7":{"start":{"line":17,"column":15},"end":{"line":17,"column":46}},"8":{"start":{"line":19,"column":14},"end":{"line":19,"column":45}},"9":{"start":{"line":21,"column":15},"end":{"line":21,"column":46}},"10":{"start":{"line":23,"column":39},"end":{"line":23,"column":93}},"11":{"start":{"line":25,"column":0},"end":{"line":25,"column":26}},"12":{"start":{"line":26,"column":11},"end":{"line":26,"column":32}},"13":{"start":{"line":28,"column":0},"end":{"line":246,"column":2}},"14":{"start":{"line":36,"column":19},"end":{"line":36,"column":36}},"15":{"start":{"line":37,"column":16},"end":{"line":37,"column":30}},"16":{"start":{"line":38,"column":16},"end":{"line":38,"column":30}},"17":{"start":{"line":39,"column":15},"end":{"line":39,"column":47}},"18":{"start":{"line":40,"column":15},"end":{"line":40,"column":65}},"19":{"start":{"line":42,"column":4},"end":{"line":71,"column":7}},"20":{"start":{"line":43,"column":6},"end":{"line":70,"column":9}},"21":{"start":{"line":50,"column":20},"end":{"line":56,"column":10}},"22":{"start":{"line":57,"column":8},"end":{"line":65,"column":11}},"23":{"start":{"line":67,"column":8},"end":{"line":69,"column":11}},"24":{"start":{"line":83,"column":4},"end":{"line":135,"column":7}},"25":{"start":{"line":84,"column":6},"end":{"line":132,"column":7}},"26":{"start":{"line":85,"column":20},"end":{"line":91,"column":10}},"27":{"start":{"line":92,"column":17},"end":{"line":92,"column":29}},"28":{"start":{"line":93,"column":23},"end":{"line":93,"column":41}},"29":{"start":{"line":94,"column":20},"end":{"line":94,"column":35}},"30":{"start":{"line":96,"column":8},"end":{"line":100,"column":11}},"31":{"start":{"line":102,"column":24},"end":{"line":102,"column":32}},"32":{"start":{"line":103,"column":24},"end":{"line":103,"column":42}},"33":{"start":{"line":104,"column":21},"end":{"line":104,"column":36}},"34":{"start":{"line":106,"column":8},"end":{"line":131,"column":11}},"35":{"start":{"line":107,"column":10},"end":{"line":130,"column":13}},"36":{"start":{"line":111,"column":24},"end":{"line":117,"column":14}},"37":{"start":{"line":118,"column":12},"end":{"line":125,"column":15}},"38":{"start":{"line":127,"column":12},"end":{"line":129,"column":15}},"39":{"start":{"line":134,"column":6},"end":{"line":134,"column":49}},"40":{"start":{"line":149,"column":19},"end":{"line":149,"column":37}},"41":{"start":{"line":151,"column":16},"end":{"line":151,"column":36}},"42":{"start":{"line":152,"column":17},"end":{"line":152,"column":38}},"43":{"start":{"line":153,"column":4},"end":{"line":157,"column":5}},"44":{"start":{"line":154,"column":6},"end":{"line":156,"column":9}},"45":{"start":{"line":157,"column":5},"end":{"line":161,"column":5}},"46":{"start":{"line":158,"column":6},"end":{"line":160,"column":9}},"47":{"start":{"line":162,"column":4},"end":{"line":179,"column":7}},"48":{"start":{"line":174,"column":6},"end":{"line":174,"column":35}},"49":{"start":{"line":176,"column":6},"end":{"line":178,"column":9}},"50":{"start":{"line":191,"column":4},"end":{"line":207,"column":7}},"51":{"start":{"line":196,"column":18},"end":{"line":198,"column":53}},"52":{"start":{"line":199,"column":6},"end":{"line":199,"column":62}},"53":{"start":{"line":200,"column":6},"end":{"line":202,"column":9}},"54":{"start":{"line":204,"column":6},"end":{"line":206,"column":9}},"55":{"start":{"line":221,"column":23},"end":{"line":221,"column":39}},"56":{"start":{"line":222,"column":18},"end":{"line":222,"column":77}},"57":{"start":{"line":223,"column":16},"end":{"line":223,"column":29}},"58":{"start":{"line":224,"column":4},"end":{"line":244,"column":7}},"59":{"start":{"line":229,"column":6},"end":{"line":233,"column":7}},"60":{"start":{"line":230,"column":8},"end":{"line":232,"column":11}},"61":{"start":{"line":234,"column":21},"end":{"line":234,"column":79}},"62":{"start":{"line":235,"column":6},"end":{"line":239,"column":9}},"63":{"start":{"line":236,"column":8},"end":{"line":238,"column":11}},"64":{"start":{"line":241,"column":6},"end":{"line":243,"column":9}}},"fnMap":{"0":{"name":"_interopRequireDefault","decl":{"start":{"line":23,"column":9},"end":{"line":23,"column":31}},"loc":{"start":{"line":23,"column":37},"end":{"line":23,"column":95}},"line":23},"1":{"name":"create","decl":{"start":{"line":35,"column":19},"end":{"line":35,"column":25}},"loc":{"start":{"line":35,"column":36},"end":{"line":72,"column":3}},"line":35},"2":{"name":"(anonymous_2)","decl":{"start":{"line":42,"column":37},"end":{"line":42,"column":38}},"loc":{"start":{"line":42,"column":49},"end":{"line":71,"column":5}},"line":42},"3":{"name":"(anonymous_3)","decl":{"start":{"line":49,"column":14},"end":{"line":49,"column":15}},"loc":{"start":{"line":49,"column":33},"end":{"line":66,"column":7}},"line":49},"4":{"name":"(anonymous_4)","decl":{"start":{"line":66,"column":15},"end":{"line":66,"column":16}},"loc":{"start":{"line":66,"column":32},"end":{"line":70,"column":7}},"line":66},"5":{"name":"googleAuth","decl":{"start":{"line":82,"column":23},"end":{"line":82,"column":33}},"loc":{"start":{"line":82,"column":44},"end":{"line":136,"column":3}},"line":82},"6":{"name":"(anonymous_6)","decl":{"start":{"line":83,"column":60},"end":{"line":83,"column":61}},"loc":{"start":{"line":83,"column":81},"end":{"line":133,"column":5}},"line":83},"7":{"name":"(anonymous_7)","decl":{"start":{"line":106,"column":41},"end":{"line":106,"column":42}},"loc":{"start":{"line":106,"column":53},"end":{"line":131,"column":9}},"line":106},"8":{"name":"(anonymous_8)","decl":{"start":{"line":110,"column":18},"end":{"line":110,"column":19}},"loc":{"start":{"line":110,"column":37},"end":{"line":126,"column":11}},"line":110},"9":{"name":"(anonymous_9)","decl":{"start":{"line":126,"column":19},"end":{"line":126,"column":20}},"loc":{"start":{"line":126,"column":36},"end":{"line":130,"column":11}},"line":126},"10":{"name":"(anonymous_10)","decl":{"start":{"line":133,"column":13},"end":{"line":133,"column":14}},"loc":{"start":{"line":133,"column":30},"end":{"line":135,"column":5}},"line":133},"11":{"name":"listAll","decl":{"start":{"line":148,"column":20},"end":{"line":148,"column":27}},"loc":{"start":{"line":148,"column":38},"end":{"line":180,"column":3}},"line":148},"12":{"name":"(anonymous_12)","decl":{"start":{"line":173,"column":12},"end":{"line":173,"column":13}},"loc":{"start":{"line":173,"column":30},"end":{"line":175,"column":5}},"line":173},"13":{"name":"(anonymous_13)","decl":{"start":{"line":175,"column":13},"end":{"line":175,"column":14}},"loc":{"start":{"line":175,"column":30},"end":{"line":179,"column":5}},"line":175},"14":{"name":"verifyUser","decl":{"start":{"line":190,"column":23},"end":{"line":190,"column":33}},"loc":{"start":{"line":190,"column":44},"end":{"line":208,"column":3}},"line":190},"15":{"name":"(anonymous_15)","decl":{"start":{"line":195,"column":12},"end":{"line":195,"column":13}},"loc":{"start":{"line":195,"column":28},"end":{"line":203,"column":5}},"line":195},"16":{"name":"(anonymous_16)","decl":{"start":{"line":203,"column":13},"end":{"line":203,"column":14}},"loc":{"start":{"line":203,"column":25},"end":{"line":207,"column":5}},"line":203},"17":{"name":"resetPassword","decl":{"start":{"line":220,"column":26},"end":{"line":220,"column":39}},"loc":{"start":{"line":220,"column":50},"end":{"line":245,"column":3}},"line":220},"18":{"name":"(anonymous_18)","decl":{"start":{"line":228,"column":12},"end":{"line":228,"column":13}},"loc":{"start":{"line":228,"column":28},"end":{"line":240,"column":5}},"line":228},"19":{"name":"(anonymous_19)","decl":{"start":{"line":235,"column":54},"end":{"line":235,"column":55}},"loc":{"start":{"line":235,"column":66},"end":{"line":239,"column":7}},"line":235},"20":{"name":"(anonymous_20)","decl":{"start":{"line":240,"column":13},"end":{"line":240,"column":14}},"loc":{"start":{"line":240,"column":30},"end":{"line":244,"column":5}},"line":240}},"branchMap":{"0":{"loc":{"start":{"line":23,"column":46},"end":{"line":23,"column":92}},"type":"cond-expr","locations":[{"start":{"line":23,"column":70},"end":{"line":23,"column":73}},{"start":{"line":23,"column":76},"end":{"line":23,"column":92}}],"line":23},"1":{"loc":{"start":{"line":23,"column":46},"end":{"line":23,"column":67}},"type":"binary-expr","locations":[{"start":{"line":23,"column":46},"end":{"line":23,"column":49}},{"start":{"line":23,"column":53},"end":{"line":23,"column":67}}],"line":23},"2":{"loc":{"start":{"line":84,"column":6},"end":{"line":132,"column":7}},"type":"if","locations":[{"start":{"line":84,"column":6},"end":{"line":132,"column":7}},{"start":{"line":84,"column":6},"end":{"line":132,"column":7}}],"line":84},"3":{"loc":{"start":{"line":151,"column":16},"end":{"line":151,"column":36}},"type":"binary-expr","locations":[{"start":{"line":151,"column":16},"end":{"line":151,"column":31}},{"start":{"line":151,"column":35},"end":{"line":151,"column":36}}],"line":151},"4":{"loc":{"start":{"line":152,"column":17},"end":{"line":152,"column":38}},"type":"binary-expr","locations":[{"start":{"line":152,"column":17},"end":{"line":152,"column":33}},{"start":{"line":152,"column":37},"end":{"line":152,"column":38}}],"line":152},"5":{"loc":{"start":{"line":153,"column":4},"end":{"line":157,"column":5}},"type":"if","locations":[{"start":{"line":153,"column":4},"end":{"line":157,"column":5}},{"start":{"line":153,"column":4},"end":{"line":157,"column":5}}],"line":153},"6":{"loc":{"start":{"line":157,"column":5},"end":{"line":161,"column":5}},"type":"if","locations":[{"start":{"line":157,"column":5},"end":{"line":161,"column":5}},{"start":{"line":157,"column":5},"end":{"line":161,"column":5}}],"line":157},"7":{"loc":{"start":{"line":229,"column":6},"end":{"line":233,"column":7}},"type":"if","locations":[{"start":{"line":229,"column":6},"end":{"line":233,"column":7}},{"start":{"line":229,"column":6},"end":{"line":233,"column":7}}],"line":229}},"s":{"0":1,"1":1,"2":1,"3":1,"4":1,"5":1,"6":1,"7":1,"8":1,"9":1,"10":5,"11":1,"12":1,"13":1,"14":9,"15":9,"16":9,"17":9,"18":9,"19":9,"20":9,"21":4,"22":4,"23":5,"24":0,"25":0,"26":0,"27":0,"28":0,"29":0,"30":0,"31":0,"32":0,"33":0,"34":0,"35":0,"36":0,"37":0,"38":0,"39":0,"40":0,"41":0,"42":0,"43":0,"44":0,"45":0,"46":0,"47":0,"48":0,"49":0,"50":0,"51":0,"52":0,"53":0,"54":0,"55":0,"56":0,"57":0,"58":0,"59":0,"60":0,"61":0,"62":0,"63":0,"64":0},"f":{"0":5,"1":9,"2":9,"3":4,"4":5,"5":0,"6":0,"7":0,"8":0,"9":0,"10":0,"11":0,"12":0,"13":0,"14":0,"15":0,"16":0,"17":0,"18":0,"19":0,"20":0},"b":{"0":[1,4],"1":[5,5],"2":[0,0],"3":[0,0],"4":[0,0],"5":[0,0],"6":[0,0],"7":[0,0]},"_coverageSchema":"332fd63041d2c1bcb487cc26dd0d5f7d97098a6c","hash":"817ea258f5b8e6e91b9d96809cbaef0f1aad05c4","contentHash":"5a28641c9bced277bdb1434725e4250e_11.2.1"},"/Users/andeladeveloper/Desktop/backups/postitLatest/PostIt/server/models/index.js":{"path":"/Users/andeladeveloper/Desktop/backups/postitLatest/PostIt/server/models/index.js","statementMap":{"0":{"start":{"line":3,"column":10},"end":{"line":3,"column":23}},"1":{"start":{"line":5,"column":11},"end":{"line":5,"column":38}},"2":{"start":{"line":7,"column":12},"end":{"line":7,"column":27}},"3":{"start":{"line":9,"column":13},"end":{"line":9,"column":42}},"4":{"start":{"line":11,"column":17},"end":{"line":11,"column":37}},"5":{"start":{"line":13,"column":18},"end":{"line":13,"column":52}},"6":{"start":{"line":15,"column":39},"end":{"line":15,"column":93}},"7":{"start":{"line":17,"column":15},"end":{"line":17,"column":55}},"8":{"start":{"line":18,"column":10},"end":{"line":18,"column":47}},"9":{"start":{"line":19,"column":13},"end":{"line":19,"column":61}},"10":{"start":{"line":21,"column":9},"end":{"line":21,"column":11}},"11":{"start":{"line":23,"column":16},"end":{"line":23,"column":22}},"12":{"start":{"line":24,"column":0},"end":{"line":28,"column":1}},"13":{"start":{"line":25,"column":2},"end":{"line":25,"column":76}},"14":{"start":{"line":27,"column":2},"end":{"line":27,"column":97}},"15":{"start":{"line":30,"column":0},"end":{"line":35,"column":3}},"16":{"start":{"line":31,"column":2},"end":{"line":31,"column":82}},"17":{"start":{"line":33,"column":14},"end":{"line":33,"column":68}},"18":{"start":{"line":34,"column":2},"end":{"line":34,"column":25}},"19":{"start":{"line":37,"column":0},"end":{"line":41,"column":3}},"20":{"start":{"line":38,"column":2},"end":{"line":40,"column":3}},"21":{"start":{"line":39,"column":4},"end":{"line":39,"column":32}},"22":{"start":{"line":43,"column":0},"end":{"line":43,"column":25}},"23":{"start":{"line":44,"column":0},"end":{"line":44,"column":35}},"24":{"start":{"line":46,"column":0},"end":{"line":46,"column":20}}},"fnMap":{"0":{"name":"_interopRequireDefault","decl":{"start":{"line":15,"column":9},"end":{"line":15,"column":31}},"loc":{"start":{"line":15,"column":37},"end":{"line":15,"column":95}},"line":15},"1":{"name":"(anonymous_1)","decl":{"start":{"line":30,"column":43},"end":{"line":30,"column":44}},"loc":{"start":{"line":30,"column":59},"end":{"line":32,"column":1}},"line":30},"2":{"name":"(anonymous_2)","decl":{"start":{"line":32,"column":11},"end":{"line":32,"column":12}},"loc":{"start":{"line":32,"column":27},"end":{"line":35,"column":1}},"line":32},"3":{"name":"(anonymous_3)","decl":{"start":{"line":37,"column":24},"end":{"line":37,"column":25}},"loc":{"start":{"line":37,"column":45},"end":{"line":41,"column":1}},"line":37}},"branchMap":{"0":{"loc":{"start":{"line":15,"column":46},"end":{"line":15,"column":92}},"type":"cond-expr","locations":[{"start":{"line":15,"column":70},"end":{"line":15,"column":73}},{"start":{"line":15,"column":76},"end":{"line":15,"column":92}}],"line":15},"1":{"loc":{"start":{"line":15,"column":46},"end":{"line":15,"column":67}},"type":"binary-expr","locations":[{"start":{"line":15,"column":46},"end":{"line":15,"column":49}},{"start":{"line":15,"column":53},"end":{"line":15,"column":67}}],"line":15},"2":{"loc":{"start":{"line":18,"column":10},"end":{"line":18,"column":47}},"type":"binary-expr","locations":[{"start":{"line":18,"column":10},"end":{"line":18,"column":30}},{"start":{"line":18,"column":34},"end":{"line":18,"column":47}}],"line":18},"3":{"loc":{"start":{"line":24,"column":0},"end":{"line":28,"column":1}},"type":"if","locations":[{"start":{"line":24,"column":0},"end":{"line":28,"column":1}},{"start":{"line":24,"column":0},"end":{"line":28,"column":1}}],"line":24},"4":{"loc":{"start":{"line":31,"column":9},"end":{"line":31,"column":81}},"type":"binary-expr","locations":[{"start":{"line":31,"column":9},"end":{"line":31,"column":32}},{"start":{"line":31,"column":36},"end":{"line":31,"column":53}},{"start":{"line":31,"column":57},"end":{"line":31,"column":81}}],"line":31},"5":{"loc":{"start":{"line":38,"column":2},"end":{"line":40,"column":3}},"type":"if","locations":[{"start":{"line":38,"column":2},"end":{"line":40,"column":3}},{"start":{"line":38,"column":2},"end":{"line":40,"column":3}}],"line":38}},"s":{"0":1,"1":1,"2":1,"3":1,"4":1,"5":1,"6":3,"7":1,"8":1,"9":1,"10":1,"11":1,"12":1,"13":0,"14":1,"15":1,"16":5,"17":4,"18":4,"19":1,"20":4,"21":3,"22":1,"23":1,"24":1},"f":{"0":3,"1":5,"2":4,"3":4},"b":{"0":[0,3],"1":[3,3],"2":[1,0],"3":[0,1],"4":[5,5,4],"5":[3,1]},"_coverageSchema":"332fd63041d2c1bcb487cc26dd0d5f7d97098a6c","hash":"6e821897162896e6eb078691e9fc26976c0509a7","contentHash":"367e1d6d32684e8b85c553fd2f351f18_11.2.1"},"/Users/andeladeveloper/Desktop/backups/postitLatest/PostIt/server/config/config.js":{"path":"/Users/andeladeveloper/Desktop/backups/postitLatest/PostIt/server/config/config.js","statementMap":{"0":{"start":{"line":3,"column":11},"end":{"line":3,"column":28}},"1":{"start":{"line":5,"column":0},"end":{"line":5,"column":14}},"2":{"start":{"line":6,"column":10},"end":{"line":6,"column":21}},"3":{"start":{"line":8,"column":0},"end":{"line":35,"column":2}}},"fnMap":{},"branchMap":{},"s":{"0":1,"1":1,"2":1,"3":1},"f":{},"b":{},"_coverageSchema":"332fd63041d2c1bcb487cc26dd0d5f7d97098a6c","hash":"5760b56d74940ad05fda833fa4dde513b8e40a68","contentHash":"c8b8b6ca8f2d02a5335fcb9fbace619e_11.2.1"},"/Users/andeladeveloper/Desktop/backups/postitLatest/PostIt/server/models/group.js":{"path":"/Users/andeladeveloper/Desktop/backups/postitLatest/PostIt/server/models/group.js","statementMap":{"0":{"start":{"line":3,"column":0},"end":{"line":25,"column":2}},"1":{"start":{"line":4,"column":14},"end":{"line":14,"column":4}},"2":{"start":{"line":15,"column":2},"end":{"line":23,"column":4}},"3":{"start":{"line":16,"column":4},"end":{"line":18,"column":7}},"4":{"start":{"line":19,"column":4},"end":{"line":22,"column":7}},"5":{"start":{"line":24,"column":2},"end":{"line":24,"column":15}}},"fnMap":{"0":{"name":"(anonymous_0)","decl":{"start":{"line":3,"column":17},"end":{"line":3,"column":18}},"loc":{"start":{"line":3,"column":49},"end":{"line":25,"column":1}},"line":3},"1":{"name":"(anonymous_1)","decl":{"start":{"line":15,"column":20},"end":{"line":15,"column":21}},"loc":{"start":{"line":15,"column":38},"end":{"line":23,"column":3}},"line":15}},"branchMap":{},"s":{"0":1,"1":1,"2":1,"3":1,"4":1,"5":1},"f":{"0":1,"1":1},"b":{},"_coverageSchema":"332fd63041d2c1bcb487cc26dd0d5f7d97098a6c","hash":"49de4b68d5e6686b4f657753bc390e0b1518fe7e","contentHash":"6993939ff854813bf4f8246e0077f63e_11.2.1"},"/Users/andeladeveloper/Desktop/backups/postitLatest/PostIt/server/models/message.js":{"path":"/Users/andeladeveloper/Desktop/backups/postitLatest/PostIt/server/models/message.js","statementMap":{"0":{"start":{"line":3,"column":0},"end":{"line":28,"column":2}},"1":{"start":{"line":4,"column":16},"end":{"line":15,"column":4}},"2":{"start":{"line":16,"column":2},"end":{"line":26,"column":4}},"3":{"start":{"line":17,"column":4},"end":{"line":20,"column":7}},"4":{"start":{"line":22,"column":4},"end":{"line":25,"column":7}},"5":{"start":{"line":27,"column":2},"end":{"line":27,"column":17}}},"fnMap":{"0":{"name":"(anonymous_0)","decl":{"start":{"line":3,"column":17},"end":{"line":3,"column":18}},"loc":{"start":{"line":3,"column":49},"end":{"line":28,"column":1}},"line":3},"1":{"name":"(anonymous_1)","decl":{"start":{"line":16,"column":22},"end":{"line":16,"column":23}},"loc":{"start":{"line":16,"column":40},"end":{"line":26,"column":3}},"line":16}},"branchMap":{},"s":{"0":1,"1":1,"2":1,"3":1,"4":1,"5":1},"f":{"0":1,"1":1},"b":{},"_coverageSchema":"332fd63041d2c1bcb487cc26dd0d5f7d97098a6c","hash":"bedbfd0de9cb1cef6c0a27c148c13803c854d5b6","contentHash":"ce30b40209bfd61d118ccb1c3622ad81_11.2.1"},"/Users/andeladeveloper/Desktop/backups/postitLatest/PostIt/server/models/user.js":{"path":"/Users/andeladeveloper/Desktop/backups/postitLatest/PostIt/server/models/user.js","statementMap":{"0":{"start":{"line":3,"column":0},"end":{"line":41,"column":2}},"1":{"start":{"line":4,"column":13},"end":{"line":29,"column":4}},"2":{"start":{"line":31,"column":2},"end":{"line":39,"column":4}},"3":{"start":{"line":32,"column":4},"end":{"line":34,"column":7}},"4":{"start":{"line":35,"column":4},"end":{"line":38,"column":7}},"5":{"start":{"line":40,"column":2},"end":{"line":40,"column":14}}},"fnMap":{"0":{"name":"(anonymous_0)","decl":{"start":{"line":3,"column":17},"end":{"line":3,"column":18}},"loc":{"start":{"line":3,"column":49},"end":{"line":41,"column":1}},"line":3},"1":{"name":"(anonymous_1)","decl":{"start":{"line":31,"column":19},"end":{"line":31,"column":20}},"loc":{"start":{"line":31,"column":37},"end":{"line":39,"column":3}},"line":31}},"branchMap":{},"s":{"0":1,"1":1,"2":1,"3":1,"4":1,"5":1},"f":{"0":1,"1":1},"b":{},"_coverageSchema":"332fd63041d2c1bcb487cc26dd0d5f7d97098a6c","hash":"cb37d14410a85b245bdbf299afa8d96cab641a2b","contentHash":"7f771ca6cffa9a2f084ea869f42b02d1_11.2.1"},"/Users/andeladeveloper/Desktop/backups/postitLatest/PostIt/server/models/usergroup.js":{"path":"/Users/andeladeveloper/Desktop/backups/postitLatest/PostIt/server/models/usergroup.js","statementMap":{"0":{"start":{"line":3,"column":0},"end":{"line":15,"column":2}},"1":{"start":{"line":4,"column":18},"end":{"line":13,"column":4}},"2":{"start":{"line":14,"column":2},"end":{"line":14,"column":19}}},"fnMap":{"0":{"name":"(anonymous_0)","decl":{"start":{"line":3,"column":17},"end":{"line":3,"column":18}},"loc":{"start":{"line":3,"column":49},"end":{"line":15,"column":1}},"line":3},"1":{"name":"associate","decl":{"start":{"line":9,"column":26},"end":{"line":9,"column":35}},"loc":{"start":{"line":9,"column":44},"end":{"line":11,"column":7}},"line":9}},"branchMap":{},"s":{"0":1,"1":1,"2":1},"f":{"0":1,"1":0},"b":{},"_coverageSchema":"332fd63041d2c1bcb487cc26dd0d5f7d97098a6c","hash":"c4d268348a6650ea3a735143fe568bc6ad57d475","contentHash":"932196d81aa0c67b9300bd711ff8957b_11.2.1"},"/Users/andeladeveloper/Desktop/backups/postitLatest/PostIt/server/middleware/verify.js":{"path":"/Users/andeladeveloper/Desktop/backups/postitLatest/PostIt/server/middleware/verify.js","statementMap":{"0":{"start":{"line":3,"column":0},"end":{"line":5,"column":3}},"1":{"start":{"line":7,"column":18},"end":{"line":7,"column":39}},"2":{"start":{"line":9,"column":19},"end":{"line":9,"column":54}},"3":{"start":{"line":11,"column":14},"end":{"line":11,"column":31}},"4":{"start":{"line":13,"column":15},"end":{"line":13,"column":46}},"5":{"start":{"line":15,"column":15},"end":{"line":15,"column":33}},"6":{"start":{"line":17,"column":16},"end":{"line":17,"column":48}},"7":{"start":{"line":19,"column":39},"end":{"line":19,"column":93}},"8":{"start":{"line":21,"column":0},"end":{"line":21,"column":26}},"9":{"start":{"line":23,"column":9},"end":{"line":32,"column":2}},"10":{"start":{"line":42,"column":12},"end":{"line":42,"column":41}},"11":{"start":{"line":43,"column":16},"end":{"line":47,"column":3}},"12":{"start":{"line":49,"column":2},"end":{"line":49,"column":41}},"13":{"start":{"line":50,"column":2},"end":{"line":59,"column":5}},"14":{"start":{"line":51,"column":4},"end":{"line":55,"column":5}},"15":{"start":{"line":52,"column":6},"end":{"line":52,"column":48}},"16":{"start":{"line":53,"column":6},"end":{"line":53,"column":45}},"17":{"start":{"line":54,"column":6},"end":{"line":54,"column":13}},"18":{"start":{"line":56,"column":4},"end":{"line":56,"column":57}},"19":{"start":{"line":57,"column":4},"end":{"line":57,"column":72}},"20":{"start":{"line":58,"column":4},"end":{"line":58,"column":15}},"21":{"start":{"line":62,"column":0},"end":{"line":62,"column":32}}},"fnMap":{"0":{"name":"_interopRequireDefault","decl":{"start":{"line":19,"column":9},"end":{"line":19,"column":31}},"loc":{"start":{"line":19,"column":37},"end":{"line":19,"column":95}},"line":19},"1":{"name":"mailResetLink","decl":{"start":{"line":41,"column":9},"end":{"line":41,"column":22}},"loc":{"start":{"line":41,"column":51},"end":{"line":60,"column":1}},"line":41},"2":{"name":"(anonymous_2)","decl":{"start":{"line":50,"column":30},"end":{"line":50,"column":31}},"loc":{"start":{"line":50,"column":53},"end":{"line":59,"column":3}},"line":50}},"branchMap":{"0":{"loc":{"start":{"line":19,"column":46},"end":{"line":19,"column":92}},"type":"cond-expr","locations":[{"start":{"line":19,"column":70},"end":{"line":19,"column":73}},{"start":{"line":19,"column":76},"end":{"line":19,"column":92}}],"line":19},"1":{"loc":{"start":{"line":19,"column":46},"end":{"line":19,"column":67}},"type":"binary-expr","locations":[{"start":{"line":19,"column":46},"end":{"line":19,"column":49}},{"start":{"line":19,"column":53},"end":{"line":19,"column":67}}],"line":19},"2":{"loc":{"start":{"line":51,"column":4},"end":{"line":55,"column":5}},"type":"if","locations":[{"start":{"line":51,"column":4},"end":{"line":55,"column":5}},{"start":{"line":51,"column":4},"end":{"line":55,"column":5}}],"line":51}},"s":{"0":1,"1":1,"2":1,"3":1,"4":1,"5":1,"6":1,"7":3,"8":1,"9":1,"10":0,"11":0,"12":0,"13":0,"14":0,"15":0,"16":0,"17":0,"18":0,"19":0,"20":0,"21":1},"f":{"0":3,"1":0,"2":0},"b":{"0":[0,3],"1":[3,3],"2":[0,0]},"_coverageSchema":"332fd63041d2c1bcb487cc26dd0d5f7d97098a6c","hash":"223144b3e759a1021f1a52a15c9525376e07f7a8","contentHash":"29b1a053c1b51a3e761d53dbc5e9caff_11.2.1"},"/Users/andeladeveloper/Desktop/backups/postitLatest/PostIt/server/controllers/login.js":{"path":"/Users/andeladeveloper/Desktop/backups/postitLatest/PostIt/server/controllers/login.js","statementMap":{"0":{"start":{"line":3,"column":20},"end":{"line":3,"column":43}},"1":{"start":{"line":5,"column":21},"end":{"line":5,"column":58}},"2":{"start":{"line":7,"column":14},"end":{"line":7,"column":31}},"3":{"start":{"line":9,"column":15},"end":{"line":9,"column":46}},"4":{"start":{"line":11,"column":12},"end":{"line":11,"column":29}},"5":{"start":{"line":13,"column":13},"end":{"line":13,"column":42}},"6":{"start":{"line":15,"column":39},"end":{"line":15,"column":93}},"7":{"start":{"line":17,"column":0},"end":{"line":17,"column":26}},"8":{"start":{"line":19,"column":0},"end":{"line":52,"column":2}},"9":{"start":{"line":21,"column":4},"end":{"line":50,"column":23}},"10":{"start":{"line":22,"column":6},"end":{"line":24,"column":7}},"11":{"start":{"line":23,"column":8},"end":{"line":23,"column":41}},"12":{"start":{"line":25,"column":6},"end":{"line":27,"column":7}},"13":{"start":{"line":26,"column":8},"end":{"line":26,"column":42}},"14":{"start":{"line":28,"column":6},"end":{"line":49,"column":9}},"15":{"start":{"line":29,"column":8},"end":{"line":31,"column":9}},"16":{"start":{"line":30,"column":10},"end":{"line":30,"column":27}},"17":{"start":{"line":32,"column":20},"end":{"line":38,"column":10}},"18":{"start":{"line":39,"column":17},"end":{"line":39,"column":24}},"19":{"start":{"line":40,"column":23},"end":{"line":40,"column":36}},"20":{"start":{"line":41,"column":20},"end":{"line":41,"column":30}},"21":{"start":{"line":42,"column":20},"end":{"line":42,"column":30}},"22":{"start":{"line":44,"column":8},"end":{"line":48,"column":11}}},"fnMap":{"0":{"name":"_interopRequireDefault","decl":{"start":{"line":15,"column":9},"end":{"line":15,"column":31}},"loc":{"start":{"line":15,"column":37},"end":{"line":15,"column":95}},"line":15},"1":{"name":"login","decl":{"start":{"line":20,"column":18},"end":{"line":20,"column":23}},"loc":{"start":{"line":20,"column":40},"end":{"line":51,"column":3}},"line":20},"2":{"name":"(anonymous_2)","decl":{"start":{"line":21,"column":41},"end":{"line":21,"column":42}},"loc":{"start":{"line":21,"column":62},"end":{"line":50,"column":5}},"line":21},"3":{"name":"(anonymous_3)","decl":{"start":{"line":28,"column":22},"end":{"line":28,"column":23}},"loc":{"start":{"line":28,"column":37},"end":{"line":49,"column":7}},"line":28}},"branchMap":{"0":{"loc":{"start":{"line":15,"column":46},"end":{"line":15,"column":92}},"type":"cond-expr","locations":[{"start":{"line":15,"column":70},"end":{"line":15,"column":73}},{"start":{"line":15,"column":76},"end":{"line":15,"column":92}}],"line":15},"1":{"loc":{"start":{"line":15,"column":46},"end":{"line":15,"column":67}},"type":"binary-expr","locations":[{"start":{"line":15,"column":46},"end":{"line":15,"column":49}},{"start":{"line":15,"column":53},"end":{"line":15,"column":67}}],"line":15},"2":{"loc":{"start":{"line":22,"column":6},"end":{"line":24,"column":7}},"type":"if","locations":[{"start":{"line":22,"column":6},"end":{"line":24,"column":7}},{"start":{"line":22,"column":6},"end":{"line":24,"column":7}}],"line":22},"3":{"loc":{"start":{"line":25,"column":6},"end":{"line":27,"column":7}},"type":"if","locations":[{"start":{"line":25,"column":6},"end":{"line":27,"column":7}},{"start":{"line":25,"column":6},"end":{"line":27,"column":7}}],"line":25},"4":{"loc":{"start":{"line":29,"column":8},"end":{"line":31,"column":9}},"type":"if","locations":[{"start":{"line":29,"column":8},"end":{"line":31,"column":9}},{"start":{"line":29,"column":8},"end":{"line":31,"column":9}}],"line":29}},"s":{"0":1,"1":1,"2":1,"3":1,"4":1,"5":1,"6":3,"7":1,"8":1,"9":7,"10":7,"11":2,"12":5,"13":0,"14":5,"15":5,"16":0,"17":5,"18":5,"19":5,"20":5,"21":5,"22":5},"f":{"0":3,"1":7,"2":7,"3":5},"b":{"0":[0,3],"1":[3,3],"2":[2,5],"3":[0,5],"4":[0,5]},"_coverageSchema":"332fd63041d2c1bcb487cc26dd0d5f7d97098a6c","hash":"273a80ff64d8ce46bb5a83f8505ad86ff261e4ce","contentHash":"3a2392bdcfb5d251b1eca30af1fe1304_11.2.1"},"/Users/andeladeveloper/Desktop/backups/postitLatest/PostIt/server/controllers/auth.js":{"path":"/Users/andeladeveloper/Desktop/backups/postitLatest/PostIt/server/controllers/auth.js","statementMap":{"0":{"start":{"line":3,"column":16},"end":{"line":3,"column":35}},"1":{"start":{"line":5,"column":17},"end":{"line":5,"column":50}},"2":{"start":{"line":7,"column":21},"end":{"line":7,"column":46}},"3":{"start":{"line":9,"column":22},"end":{"line":9,"column":60}},"4":{"start":{"line":11,"column":14},"end":{"line":11,"column":31}},"5":{"start":{"line":13,"column":15},"end":{"line":13,"column":46}},"6":{"start":{"line":15,"column":14},"end":{"line":15,"column":34}},"7":{"start":{"line":17,"column":15},"end":{"line":17,"column":46}},"8":{"start":{"line":19,"column":39},"end":{"line":19,"column":93}},"9":{"start":{"line":21,"column":20},"end":{"line":21,"column":52}},"10":{"start":{"line":22,"column":11},"end":{"line":22,"column":32}},"11":{"start":{"line":24,"column":0},"end":{"line":26,"column":3}},"12":{"start":{"line":25,"column":2},"end":{"line":25,"column":29}},"13":{"start":{"line":28,"column":0},"end":{"line":32,"column":3}},"14":{"start":{"line":29,"column":2},"end":{"line":31,"column":5}},"15":{"start":{"line":30,"column":4},"end":{"line":30,"column":34}},"16":{"start":{"line":34,"column":0},"end":{"line":52,"column":4}},"17":{"start":{"line":35,"column":2},"end":{"line":51,"column":5}},"18":{"start":{"line":40,"column":4},"end":{"line":42,"column":5}},"19":{"start":{"line":41,"column":6},"end":{"line":41,"column":60}},"20":{"start":{"line":43,"column":26},"end":{"line":43,"column":81}},"21":{"start":{"line":45,"column":4},"end":{"line":47,"column":5}},"22":{"start":{"line":46,"column":6},"end":{"line":46,"column":30}},"23":{"start":{"line":48,"column":4},"end":{"line":48,"column":74}},"24":{"start":{"line":50,"column":4},"end":{"line":50,"column":21}},"25":{"start":{"line":54,"column":0},"end":{"line":54,"column":36}}},"fnMap":{"0":{"name":"_interopRequireDefault","decl":{"start":{"line":19,"column":9},"end":{"line":19,"column":31}},"loc":{"start":{"line":19,"column":37},"end":{"line":19,"column":95}},"line":19},"1":{"name":"(anonymous_1)","decl":{"start":{"line":24,"column":33},"end":{"line":24,"column":34}},"loc":{"start":{"line":24,"column":62},"end":{"line":26,"column":1}},"line":24},"2":{"name":"(anonymous_2)","decl":{"start":{"line":28,"column":35},"end":{"line":28,"column":36}},"loc":{"start":{"line":28,"column":55},"end":{"line":32,"column":1}},"line":28},"3":{"name":"(anonymous_3)","decl":{"start":{"line":29,"column":20},"end":{"line":29,"column":21}},"loc":{"start":{"line":29,"column":48},"end":{"line":31,"column":3}},"line":29},"4":{"name":"(anonymous_4)","decl":{"start":{"line":34,"column":70},"end":{"line":34,"column":71}},"loc":{"start":{"line":34,"column":111},"end":{"line":52,"column":1}},"line":34},"5":{"name":"(anonymous_5)","decl":{"start":{"line":39,"column":10},"end":{"line":39,"column":11}},"loc":{"start":{"line":39,"column":26},"end":{"line":49,"column":3}},"line":39},"6":{"name":"(anonymous_6)","decl":{"start":{"line":49,"column":11},"end":{"line":49,"column":12}},"loc":{"start":{"line":49,"column":26},"end":{"line":51,"column":3}},"line":49}},"branchMap":{"0":{"loc":{"start":{"line":19,"column":46},"end":{"line":19,"column":92}},"type":"cond-expr","locations":[{"start":{"line":19,"column":70},"end":{"line":19,"column":73}},{"start":{"line":19,"column":76},"end":{"line":19,"column":92}}],"line":19},"1":{"loc":{"start":{"line":19,"column":46},"end":{"line":19,"column":67}},"type":"binary-expr","locations":[{"start":{"line":19,"column":46},"end":{"line":19,"column":49}},{"start":{"line":19,"column":53},"end":{"line":19,"column":67}}],"line":19},"2":{"loc":{"start":{"line":40,"column":4},"end":{"line":42,"column":5}},"type":"if","locations":[{"start":{"line":40,"column":4},"end":{"line":42,"column":5}},{"start":{"line":40,"column":4},"end":{"line":42,"column":5}}],"line":40},"3":{"loc":{"start":{"line":45,"column":4},"end":{"line":47,"column":5}},"type":"if","locations":[{"start":{"line":45,"column":4},"end":{"line":47,"column":5}},{"start":{"line":45,"column":4},"end":{"line":47,"column":5}}],"line":45}},"s":{"0":1,"1":1,"2":1,"3":1,"4":1,"5":1,"6":1,"7":1,"8":4,"9":1,"10":1,"11":1,"12":5,"13":1,"14":0,"15":0,"16":1,"17":7,"18":7,"19":1,"20":6,"21":6,"22":5,"23":1,"24":0,"25":1},"f":{"0":4,"1":5,"2":0,"3":0,"4":7,"5":7,"6":0},"b":{"0":[0,4],"1":[4,4],"2":[1,6],"3":[5,1]},"_coverageSchema":"332fd63041d2c1bcb487cc26dd0d5f7d97098a6c","hash":"c810c455ab518d4e99790bc8ce10533df8744f42","contentHash":"32ddc7c778ec21dd96adb4aea736f38f_11.2.1"},"/Users/andeladeveloper/Desktop/backups/postitLatest/PostIt/server/controllers/groups.js":{"path":"/Users/andeladeveloper/Desktop/backups/postitLatest/PostIt/server/controllers/groups.js","statementMap":{"0":{"start":{"line":3,"column":14},"end":{"line":3,"column":34}},"1":{"start":{"line":5,"column":15},"end":{"line":5,"column":46}},"2":{"start":{"line":7,"column":39},"end":{"line":7,"column":93}},"3":{"start":{"line":9,"column":12},"end":{"line":9,"column":34}},"4":{"start":{"line":10,"column":11},"end":{"line":10,"column":32}},"5":{"start":{"line":11,"column":14},"end":{"line":11,"column":38}},"6":{"start":{"line":13,"column":0},"end":{"line":155,"column":2}},"7":{"start":{"line":24,"column":4},"end":{"line":45,"column":7}},"8":{"start":{"line":25,"column":6},"end":{"line":42,"column":9}},"9":{"start":{"line":29,"column":8},"end":{"line":41,"column":11}},"10":{"start":{"line":31,"column":10},"end":{"line":40,"column":13}},"11":{"start":{"line":32,"column":12},"end":{"line":39,"column":15}},"12":{"start":{"line":44,"column":6},"end":{"line":44,"column":49}},"13":{"start":{"line":56,"column":18},"end":{"line":56,"column":36}},"14":{"start":{"line":57,"column":4},"end":{"line":64,"column":7}},"15":{"start":{"line":61,"column":6},"end":{"line":61,"column":44}},"16":{"start":{"line":63,"column":6},"end":{"line":63,"column":49}},"17":{"start":{"line":75,"column":18},"end":{"line":75,"column":36}},"18":{"start":{"line":77,"column":4},"end":{"line":94,"column":7}},"19":{"start":{"line":78,"column":6},"end":{"line":91,"column":9}},"20":{"start":{"line":83,"column":8},"end":{"line":90,"column":12}},"21":{"start":{"line":84,"column":10},"end":{"line":89,"column":12}},"22":{"start":{"line":93,"column":6},"end":{"line":93,"column":49}},"23":{"start":{"line":105,"column":17},"end":{"line":105,"column":31}},"24":{"start":{"line":106,"column":4},"end":{"line":122,"column":7}},"25":{"start":{"line":107,"column":6},"end":{"line":119,"column":9}},"26":{"start":{"line":113,"column":8},"end":{"line":118,"column":12}},"27":{"start":{"line":114,"column":10},"end":{"line":117,"column":12}},"28":{"start":{"line":121,"column":6},"end":{"line":121,"column":49}},"29":{"start":{"line":134,"column":17},"end":{"line":134,"column":40}},"30":{"start":{"line":135,"column":18},"end":{"line":135,"column":36}},"31":{"start":{"line":136,"column":4},"end":{"line":153,"column":7}},"32":{"start":{"line":137,"column":6},"end":{"line":150,"column":9}},"33":{"start":{"line":140,"column":17},"end":{"line":140,"column":24}},"34":{"start":{"line":141,"column":23},"end":{"line":141,"column":36}},"35":{"start":{"line":142,"column":20},"end":{"line":142,"column":30}},"36":{"start":{"line":144,"column":8},"end":{"line":149,"column":11}},"37":{"start":{"line":145,"column":10},"end":{"line":148,"column":13}},"38":{"start":{"line":152,"column":6},"end":{"line":152,"column":41}}},"fnMap":{"0":{"name":"_interopRequireDefault","decl":{"start":{"line":7,"column":9},"end":{"line":7,"column":31}},"loc":{"start":{"line":7,"column":37},"end":{"line":7,"column":95}},"line":7},"1":{"name":"create","decl":{"start":{"line":23,"column":19},"end":{"line":23,"column":25}},"loc":{"start":{"line":23,"column":36},"end":{"line":46,"column":3}},"line":23},"2":{"name":"(anonymous_2)","decl":{"start":{"line":24,"column":59},"end":{"line":24,"column":60}},"loc":{"start":{"line":24,"column":71},"end":{"line":43,"column":5}},"line":24},"3":{"name":"(anonymous_3)","decl":{"start":{"line":28,"column":14},"end":{"line":28,"column":15}},"loc":{"start":{"line":28,"column":31},"end":{"line":42,"column":7}},"line":28},"4":{"name":"(anonymous_4)","decl":{"start":{"line":30,"column":16},"end":{"line":30,"column":17}},"loc":{"start":{"line":30,"column":32},"end":{"line":41,"column":9}},"line":30},"5":{"name":"(anonymous_5)","decl":{"start":{"line":31,"column":42},"end":{"line":31,"column":43}},"loc":{"start":{"line":31,"column":54},"end":{"line":40,"column":11}},"line":31},"6":{"name":"(anonymous_6)","decl":{"start":{"line":43,"column":13},"end":{"line":43,"column":14}},"loc":{"start":{"line":43,"column":30},"end":{"line":45,"column":5}},"line":43},"7":{"name":"list","decl":{"start":{"line":55,"column":17},"end":{"line":55,"column":21}},"loc":{"start":{"line":55,"column":32},"end":{"line":65,"column":3}},"line":55},"8":{"name":"(anonymous_8)","decl":{"start":{"line":60,"column":12},"end":{"line":60,"column":13}},"loc":{"start":{"line":60,"column":32},"end":{"line":62,"column":5}},"line":60},"9":{"name":"(anonymous_9)","decl":{"start":{"line":62,"column":13},"end":{"line":62,"column":14}},"loc":{"start":{"line":62,"column":30},"end":{"line":64,"column":5}},"line":62},"10":{"name":"listMembers","decl":{"start":{"line":74,"column":24},"end":{"line":74,"column":35}},"loc":{"start":{"line":74,"column":46},"end":{"line":95,"column":3}},"line":74},"11":{"name":"(anonymous_11)","decl":{"start":{"line":77,"column":51},"end":{"line":77,"column":52}},"loc":{"start":{"line":77,"column":68},"end":{"line":92,"column":5}},"line":77},"12":{"name":"(anonymous_12)","decl":{"start":{"line":82,"column":14},"end":{"line":82,"column":15}},"loc":{"start":{"line":82,"column":33},"end":{"line":91,"column":7}},"line":82},"13":{"name":"(anonymous_13)","decl":{"start":{"line":83,"column":41},"end":{"line":83,"column":42}},"loc":{"start":{"line":83,"column":59},"end":{"line":90,"column":9}},"line":83},"14":{"name":"(anonymous_14)","decl":{"start":{"line":92,"column":13},"end":{"line":92,"column":14}},"loc":{"start":{"line":92,"column":30},"end":{"line":94,"column":5}},"line":92},"15":{"name":"listGroups","decl":{"start":{"line":104,"column":23},"end":{"line":104,"column":33}},"loc":{"start":{"line":104,"column":44},"end":{"line":123,"column":3}},"line":104},"16":{"name":"(anonymous_16)","decl":{"start":{"line":106,"column":49},"end":{"line":106,"column":50}},"loc":{"start":{"line":106,"column":65},"end":{"line":120,"column":5}},"line":106},"17":{"name":"(anonymous_17)","decl":{"start":{"line":112,"column":14},"end":{"line":112,"column":15}},"loc":{"start":{"line":112,"column":32},"end":{"line":119,"column":7}},"line":112},"18":{"name":"(anonymous_18)","decl":{"start":{"line":113,"column":47},"end":{"line":113,"column":48}},"loc":{"start":{"line":113,"column":64},"end":{"line":118,"column":9}},"line":113},"19":{"name":"(anonymous_19)","decl":{"start":{"line":120,"column":13},"end":{"line":120,"column":14}},"loc":{"start":{"line":120,"column":30},"end":{"line":122,"column":5}},"line":120},"20":{"name":"addNewUser","decl":{"start":{"line":133,"column":23},"end":{"line":133,"column":33}},"loc":{"start":{"line":133,"column":44},"end":{"line":154,"column":3}},"line":133},"21":{"name":"(anonymous_21)","decl":{"start":{"line":136,"column":51},"end":{"line":136,"column":52}},"loc":{"start":{"line":136,"column":68},"end":{"line":151,"column":5}},"line":136},"22":{"name":"(anonymous_22)","decl":{"start":{"line":139,"column":14},"end":{"line":139,"column":15}},"loc":{"start":{"line":139,"column":30},"end":{"line":150,"column":7}},"line":139},"23":{"name":"(anonymous_23)","decl":{"start":{"line":144,"column":33},"end":{"line":144,"column":34}},"loc":{"start":{"line":144,"column":45},"end":{"line":149,"column":9}},"line":144},"24":{"name":"(anonymous_24)","decl":{"start":{"line":151,"column":13},"end":{"line":151,"column":14}},"loc":{"start":{"line":151,"column":30},"end":{"line":153,"column":5}},"line":151}},"branchMap":{"0":{"loc":{"start":{"line":7,"column":46},"end":{"line":7,"column":92}},"type":"cond-expr","locations":[{"start":{"line":7,"column":70},"end":{"line":7,"column":73}},{"start":{"line":7,"column":76},"end":{"line":7,"column":92}}],"line":7},"1":{"loc":{"start":{"line":7,"column":46},"end":{"line":7,"column":67}},"type":"binary-expr","locations":[{"start":{"line":7,"column":46},"end":{"line":7,"column":49}},{"start":{"line":7,"column":53},"end":{"line":7,"column":67}}],"line":7}},"s":{"0":1,"1":1,"2":1,"3":1,"4":1,"5":1,"6":1,"7":3,"8":3,"9":3,"10":3,"11":3,"12":0,"13":1,"14":1,"15":1,"16":0,"17":1,"18":1,"19":1,"20":1,"21":2,"22":0,"23":1,"24":1,"25":1,"26":1,"27":3,"28":0,"29":3,"30":3,"31":3,"32":3,"33":3,"34":3,"35":3,"36":3,"37":3,"38":0},"f":{"0":1,"1":3,"2":3,"3":3,"4":3,"5":3,"6":0,"7":1,"8":1,"9":0,"10":1,"11":1,"12":1,"13":2,"14":0,"15":1,"16":1,"17":1,"18":3,"19":0,"20":3,"21":3,"22":3,"23":3,"24":0},"b":{"0":[0,1],"1":[1,1]},"_coverageSchema":"332fd63041d2c1bcb487cc26dd0d5f7d97098a6c","hash":"73ac8c374572fb27e3d9b67dfb1e52007ac3b5ae","contentHash":"cef9f86e288e4fb5d113638536d04043_11.2.1"},"/Users/andeladeveloper/Desktop/backups/postitLatest/PostIt/server/controllers/messages.js":{"path":"/Users/andeladeveloper/Desktop/backups/postitLatest/PostIt/server/controllers/messages.js","statementMap":{"0":{"start":{"line":3,"column":14},"end":{"line":3,"column":34}},"1":{"start":{"line":5,"column":15},"end":{"line":5,"column":46}},"2":{"start":{"line":7,"column":14},"end":{"line":7,"column":45}},"3":{"start":{"line":9,"column":15},"end":{"line":9,"column":46}},"4":{"start":{"line":11,"column":39},"end":{"line":11,"column":93}},"5":{"start":{"line":13,"column":14},"end":{"line":13,"column":38}},"6":{"start":{"line":15,"column":0},"end":{"line":49,"column":2}},"7":{"start":{"line":27,"column":4},"end":{"line":47,"column":7}},"8":{"start":{"line":33,"column":6},"end":{"line":33,"column":38}},"9":{"start":{"line":34,"column":6},"end":{"line":44,"column":9}},"10":{"start":{"line":46,"column":6},"end":{"line":46,"column":49}}},"fnMap":{"0":{"name":"_interopRequireDefault","decl":{"start":{"line":11,"column":9},"end":{"line":11,"column":31}},"loc":{"start":{"line":11,"column":37},"end":{"line":11,"column":95}},"line":11},"1":{"name":"create","decl":{"start":{"line":16,"column":19},"end":{"line":16,"column":25}},"loc":{"start":{"line":16,"column":36},"end":{"line":48,"column":3}},"line":16},"2":{"name":"(anonymous_2)","decl":{"start":{"line":32,"column":12},"end":{"line":32,"column":13}},"loc":{"start":{"line":32,"column":31},"end":{"line":45,"column":5}},"line":32},"3":{"name":"(anonymous_3)","decl":{"start":{"line":45,"column":13},"end":{"line":45,"column":14}},"loc":{"start":{"line":45,"column":30},"end":{"line":47,"column":5}},"line":45}},"branchMap":{"0":{"loc":{"start":{"line":11,"column":46},"end":{"line":11,"column":92}},"type":"cond-expr","locations":[{"start":{"line":11,"column":70},"end":{"line":11,"column":73}},{"start":{"line":11,"column":76},"end":{"line":11,"column":92}}],"line":11},"1":{"loc":{"start":{"line":11,"column":46},"end":{"line":11,"column":67}},"type":"binary-expr","locations":[{"start":{"line":11,"column":46},"end":{"line":11,"column":49}},{"start":{"line":11,"column":53},"end":{"line":11,"column":67}}],"line":11}},"s":{"0":1,"1":1,"2":1,"3":1,"4":2,"5":1,"6":1,"7":2,"8":2,"9":2,"10":0},"f":{"0":2,"1":2,"2":2,"3":0},"b":{"0":[1,1],"1":[2,2]},"_coverageSchema":"332fd63041d2c1bcb487cc26dd0d5f7d97098a6c","hash":"eaca086fc581eada407292bf1d4f5bed36ee1fd2","contentHash":"c2521759d8a64a6b3b7944b16f8c62fe_11.2.1"},"/Users/andeladeveloper/Desktop/backups/postitLatest/PostIt/server/middleware/notify.js":{"path":"/Users/andeladeveloper/Desktop/backups/postitLatest/PostIt/server/middleware/notify.js","statementMap":{"0":{"start":{"line":3,"column":0},"end":{"line":5,"column":3}},"1":{"start":{"line":6,"column":0},"end":{"line":6,"column":25}},"2":{"start":{"line":8,"column":18},"end":{"line":8,"column":39}},"3":{"start":{"line":10,"column":19},"end":{"line":10,"column":54}},"4":{"start":{"line":12,"column":14},"end":{"line":12,"column":31}},"5":{"start":{"line":14,"column":15},"end":{"line":14,"column":46}},"6":{"start":{"line":16,"column":14},"end":{"line":16,"column":31}},"7":{"start":{"line":18,"column":15},"end":{"line":18,"column":46}},"8":{"start":{"line":20,"column":15},"end":{"line":20,"column":33}},"9":{"start":{"line":22,"column":16},"end":{"line":22,"column":48}},"10":{"start":{"line":24,"column":39},"end":{"line":24,"column":93}},"11":{"start":{"line":26,"column":0},"end":{"line":26,"column":26}},"12":{"start":{"line":28,"column":9},"end":{"line":40,"column":2}},"13":{"start":{"line":42,"column":13},"end":{"line":42,"column":91}},"14":{"start":{"line":53,"column":16},"end":{"line":62,"column":3}},"15":{"start":{"line":64,"column":2},"end":{"line":64,"column":41}},"16":{"start":{"line":65,"column":2},"end":{"line":73,"column":5}},"17":{"start":{"line":66,"column":4},"end":{"line":69,"column":5}},"18":{"start":{"line":67,"column":6},"end":{"line":67,"column":63}},"19":{"start":{"line":68,"column":6},"end":{"line":68,"column":13}},"20":{"start":{"line":70,"column":4},"end":{"line":70,"column":57}},"21":{"start":{"line":71,"column":4},"end":{"line":71,"column":72}},"22":{"start":{"line":72,"column":4},"end":{"line":72,"column":15}},"23":{"start":{"line":85,"column":16},"end":{"line":89,"column":3}},"24":{"start":{"line":90,"column":2},"end":{"line":90,"column":61}},"25":{"start":{"line":91,"column":2},"end":{"line":95,"column":5}},"26":{"start":{"line":92,"column":4},"end":{"line":92,"column":37}},"27":{"start":{"line":94,"column":4},"end":{"line":94,"column":50}},"28":{"start":{"line":108,"column":2},"end":{"line":122,"column":3}},"29":{"start":{"line":110,"column":6},"end":{"line":114,"column":9}},"30":{"start":{"line":111,"column":8},"end":{"line":111,"column":38}},"31":{"start":{"line":112,"column":8},"end":{"line":112,"column":38}},"32":{"start":{"line":113,"column":8},"end":{"line":113,"column":57}},"33":{"start":{"line":117,"column":6},"end":{"line":119,"column":9}},"34":{"start":{"line":118,"column":8},"end":{"line":118,"column":38}},"35":{"start":{"line":121,"column":6},"end":{"line":121,"column":18}}},"fnMap":{"0":{"name":"_interopRequireDefault","decl":{"start":{"line":24,"column":9},"end":{"line":24,"column":31}},"loc":{"start":{"line":24,"column":37},"end":{"line":24,"column":95}},"line":24},"1":{"name":"sendMail","decl":{"start":{"line":52,"column":9},"end":{"line":52,"column":17}},"loc":{"start":{"line":52,"column":37},"end":{"line":74,"column":1}},"line":52},"2":{"name":"(anonymous_2)","decl":{"start":{"line":65,"column":30},"end":{"line":65,"column":31}},"loc":{"start":{"line":65,"column":53},"end":{"line":73,"column":3}},"line":65},"3":{"name":"sendText","decl":{"start":{"line":84,"column":9},"end":{"line":84,"column":17}},"loc":{"start":{"line":84,"column":37},"end":{"line":96,"column":1}},"line":84},"4":{"name":"(anonymous_4)","decl":{"start":{"line":91,"column":31},"end":{"line":91,"column":32}},"loc":{"start":{"line":91,"column":46},"e
[...]
{"line":243,"column":7}},"149":{"start":{"line":241,"column":6},"end":{"line":241,"column":66}},"150":{"start":{"line":242,"column":6},"end":{"line":242,"column":13}},"151":{"start":{"line":246,"column":2},"end":{"line":252,"column":5}},"152":{"start":{"line":247,"column":4},"end":{"line":251,"column":7}},"153":{"start":{"line":248,"column":6},"end":{"line":248,"column":39}},"154":{"start":{"line":249,"column":6},"end":{"line":249,"column":70}},"155":{"start":{"line":250,"column":6},"end":{"line":250,"column":13}},"156":{"start":{"line":254,"column":2},"end":{"line":260,"column":5}},"157":{"start":{"line":255,"column":4},"end":{"line":259,"column":7}},"158":{"start":{"line":256,"column":6},"end":{"line":256,"column":39}},"159":{"start":{"line":257,"column":6},"end":{"line":257,"column":50}},"160":{"start":{"line":258,"column":6},"end":{"line":258,"column":13}},"161":{"start":{"line":262,"column":2},"end":{"line":268,"column":5}},"162":{"start":{"line":263,"column":4},"end":{"line":267,"column":7}},"163":{"start":{"line":264,"column":6},"end":{"line":264,"column":39}},"164":{"start":{"line":265,"column":6},"end":{"line":265,"column":50}},"165":{"start":{"line":266,"column":6},"end":{"line":266,"column":13}},"166":{"start":{"line":270,"column":2},"end":{"line":276,"column":5}},"167":{"start":{"line":271,"column":4},"end":{"line":275,"column":7}},"168":{"start":{"line":272,"column":6},"end":{"line":272,"column":39}},"169":{"start":{"line":273,"column":6},"end":{"line":273,"column":70}},"170":{"start":{"line":274,"column":6},"end":{"line":274,"column":13}},"171":{"start":{"line":278,"column":2},"end":{"line":284,"column":5}},"172":{"start":{"line":279,"column":4},"end":{"line":283,"column":7}},"173":{"start":{"line":280,"column":6},"end":{"line":280,"column":39}},"174":{"start":{"line":281,"column":6},"end":{"line":281,"column":70}},"175":{"start":{"line":282,"column":6},"end":{"line":282,"column":13}},"176":{"start":{"line":286,"column":2},"end":{"line":291,"column":5}},"177":{"start":{"line":287,"column":4},"end":{"line":290,"column":7}},"178":{"start":{"line":288,"column":6},"end":{"line":288,"column":72}},"179":{"start":{"line":289,"column":6},"end":{"line":289,"column":13}},"180":{"start":{"line":293,"column":2},"end":{"line":299,"column":5}},"181":{"start":{"line":294,"column":4},"end":{"line":298,"column":7}},"182":{"start":{"line":295,"column":6},"end":{"line":295,"column":39}},"183":{"start":{"line":296,"column":6},"end":{"line":296,"column":64}},"184":{"start":{"line":297,"column":6},"end":{"line":297,"column":13}},"185":{"start":{"line":301,"column":2},"end":{"line":307,"column":5}},"186":{"start":{"line":302,"column":4},"end":{"line":306,"column":7}},"187":{"start":{"line":303,"column":6},"end":{"line":303,"column":39}},"188":{"start":{"line":304,"column":6},"end":{"line":304,"column":50}},"189":{"start":{"line":305,"column":6},"end":{"line":305,"column":13}}},"fnMap":{"0":{"name":"(anonymous_0)","decl":{"start":{"line":3,"column":32},"end":{"line":3,"column":33}},"loc":{"start":{"line":3,"column":50},"end":{"line":3,"column":256}},"line":3},"1":{"name":"_interopRequireDefault","decl":{"start":{"line":41,"column":9},"end":{"line":41,"column":31}},"loc":{"start":{"line":41,"column":37},"end":{"line":41,"column":95}},"line":41},"2":{"name":"(anonymous_2)","decl":{"start":{"line":45,"column":136},"end":{"line":45,"column":137}},"loc":{"start":{"line":45,"column":156},"end":{"line":51,"column":1}},"line":45},"3":{"name":"promisify","decl":{"start":{"line":59,"column":25},"end":{"line":59,"column":34}},"loc":{"start":{"line":59,"column":48},"end":{"line":65,"column":1}},"line":59},"4":{"name":"(anonymous_4)","decl":{"start":{"line":60,"column":21},"end":{"line":60,"column":22}},"loc":{"start":{"line":60,"column":40},"end":{"line":64,"column":3}},"line":60},"5":{"name":"(anonymous_5)","decl":{"start":{"line":61,"column":94},"end":{"line":61,"column":95}},"loc":{"start":{"line":61,"column":114},"end":{"line":63,"column":5}},"line":61},"6":{"name":"(anonymous_6)","decl":{"start":{"line":67,"column":24},"end":{"line":67,"column":25}},"loc":{"start":{"line":67,"column":36},"end":{"line":308,"column":1}},"line":67},"7":{"name":"(anonymous_7)","decl":{"start":{"line":68,"column":9},"end":{"line":68,"column":10}},"loc":{"start":{"line":68,"column":25},"end":{"line":91,"column":3}},"line":68},"8":{"name":"(anonymous_8)","decl":{"start":{"line":69,"column":58},"end":{"line":69,"column":59}},"loc":{"start":{"line":69,"column":70},"end":{"line":71,"column":5}},"line":69},"9":{"name":"(anonymous_9)","decl":{"start":{"line":71,"column":12},"end":{"line":71,"column":13}},"loc":{"start":{"line":71,"column":24},"end":{"line":73,"column":5}},"line":71},"10":{"name":"(anonymous_10)","decl":{"start":{"line":73,"column":12},"end":{"line":73,"column":13}},"loc":{"start":{"line":73,"column":29},"end":{"line":76,"column":5}},"line":73},"11":{"name":"(anonymous_11)","decl":{"start":{"line":76,"column":7},"end":{"line":76,"column":8}},"loc":{"start":{"line":76,"column":22},"end":{"line":78,"column":5}},"line":76},"12":{"name":"(anonymous_12)","decl":{"start":{"line":78,"column":12},"end":{"line":78,"column":13}},"loc":{"start":{"line":78,"column":29},"end":{"line":81,"column":5}},"line":78},"13":{"name":"(anonymous_13)","decl":{"start":{"line":81,"column":12},"end":{"line":81,"column":13}},"loc":{"start":{"line":81,"column":29},"end":{"line":84,"column":5}},"line":81},"14":{"name":"(anonymous_14)","decl":{"start":{"line":84,"column":12},"end":{"line":84,"column":13}},"loc":{"start":{"line":84,"column":29},"end":{"line":87,"column":5}},"line":84},"15":{"name":"(anonymous_15)","decl":{"start":{"line":87,"column":13},"end":{"line":87,"column":14}},"loc":{"start":{"line":87,"column":28},"end":{"line":90,"column":5}},"line":87},"16":{"name":"(anonymous_16)","decl":{"start":{"line":93,"column":47},"end":{"line":93,"column":48}},"loc":{"start":{"line":93,"column":63},"end":{"line":100,"column":3}},"line":93},"17":{"name":"(anonymous_17)","decl":{"start":{"line":94,"column":138},"end":{"line":94,"column":139}},"loc":{"start":{"line":94,"column":158},"end":{"line":99,"column":5}},"line":94},"18":{"name":"(anonymous_18)","decl":{"start":{"line":102,"column":47},"end":{"line":102,"column":48}},"loc":{"start":{"line":102,"column":63},"end":{"line":109,"column":3}},"line":102},"19":{"name":"(anonymous_19)","decl":{"start":{"line":103,"column":138},"end":{"line":103,"column":139}},"loc":{"start":{"line":103,"column":158},"end":{"line":108,"column":5}},"line":103},"20":{"name":"(anonymous_20)","decl":{"start":{"line":111,"column":47},"end":{"line":111,"column":48}},"loc":{"start":{"line":111,"column":63},"end":{"line":118,"column":3}},"line":111},"21":{"name":"(anonymous_21)","decl":{"start":{"line":112,"column":139},"end":{"line":112,"column":140}},"loc":{"start":{"line":112,"column":159},"end":{"line":117,"column":5}},"line":112},"22":{"name":"(anonymous_22)","decl":{"start":{"line":120,"column":60},"end":{"line":120,"column":61}},"loc":{"start":{"line":120,"column":76},"end":{"line":126,"column":3}},"line":120},"23":{"name":"(anonymous_23)","decl":{"start":{"line":121,"column":131},"end":{"line":121,"column":132}},"loc":{"start":{"line":121,"column":151},"end":{"line":125,"column":5}},"line":121},"24":{"name":"(anonymous_24)","decl":{"start":{"line":128,"column":53},"end":{"line":128,"column":54}},"loc":{"start":{"line":128,"column":69},"end":{"line":134,"column":3}},"line":128},"25":{"name":"(anonymous_25)","decl":{"start":{"line":129,"column":138},"end":{"line":129,"column":139}},"loc":{"start":{"line":129,"column":158},"end":{"line":133,"column":5}},"line":129},"26":{"name":"(anonymous_26)","decl":{"start":{"line":136,"column":57},"end":{"line":136,"column":58}},"loc":{"start":{"line":136,"column":73},"end":{"line":142,"column":3}},"line":136},"27":{"name":"(anonymous_27)","decl":{"start":{"line":137,"column":147},"end":{"line":137,"column":148}},"loc":{"start":{"line":137,"column":167},"end":{"line":141,"column":5}},"line":137},"28":{"name":"(anonymous_28)","decl":{"start":{"line":144,"column":56},"end":{"line":144,"column":57}},"loc":{"start":{"line":144,"column":72},"end":{"line":150,"column":3}},"line":144},"29":{"name":"(anonymous_29)","decl":{"start":{"line":145,"column":149},"end":{"line":145,"column":150}},"loc":{"start":{"line":145,"column":169},"end":{"line":149,"column":5}},"line":145},"30":{"name":"(anonymous_30)","decl":{"start":{"line":152,"column":60},"end":{"line":152,"column":61}},"loc":{"start":{"line":152,"column":76},"end":{"line":158,"column":3}},"line":152},"31":{"name":"(anonymous_31)","decl":{"start":{"line":153,"column":130},"end":{"line":153,"column":131}},"loc":{"start":{"line":153,"column":150},"end":{"line":157,"column":5}},"line":153},"32":{"name":"(anonymous_32)","decl":{"start":{"line":160,"column":60},"end":{"line":160,"column":61}},"loc":{"start":{"line":160,"column":76},"end":{"line":166,"column":3}},"line":160},"33":{"name":"(anonymous_33)","decl":{"start":{"line":161,"column":130},"end":{"line":161,"column":131}},"loc":{"start":{"line":161,"column":150},"end":{"line":165,"column":5}},"line":161},"34":{"name":"(anonymous_34)","decl":{"start":{"line":168,"column":49},"end":{"line":168,"column":50}},"loc":{"start":{"line":168,"column":65},"end":{"line":174,"column":3}},"line":168},"35":{"name":"(anonymous_35)","decl":{"start":{"line":169,"column":117},"end":{"line":169,"column":118}},"loc":{"start":{"line":169,"column":137},"end":{"line":173,"column":5}},"line":169},"36":{"name":"(anonymous_36)","decl":{"start":{"line":176,"column":60},"end":{"line":176,"column":61}},"loc":{"start":{"line":176,"column":76},"end":{"line":182,"column":3}},"line":176},"37":{"name":"(anonymous_37)","decl":{"start":{"line":177,"column":135},"end":{"line":177,"column":136}},"loc":{"start":{"line":177,"column":155},"end":{"line":181,"column":5}},"line":177},"38":{"name":"(anonymous_38)","decl":{"start":{"line":184,"column":58},"end":{"line":184,"column":59}},"loc":{"start":{"line":184,"column":74},"end":{"line":190,"column":3}},"line":184},"39":{"name":"(anonymous_39)","decl":{"start":{"line":185,"column":132},"end":{"line":185,"column":133}},"loc":{"start":{"line":185,"column":152},"end":{"line":189,"column":5}},"line":185},"40":{"name":"(anonymous_40)","decl":{"start":{"line":192,"column":54},"end":{"line":192,"column":55}},"loc":{"start":{"line":192,"column":70},"end":{"line":198,"column":3}},"line":192},"41":{"name":"(anonymous_41)","decl":{"start":{"line":193,"column":130},"end":{"line":193,"column":131}},"loc":{"start":{"line":193,"column":150},"end":{"line":197,"column":5}},"line":193},"42":{"name":"(anonymous_42)","decl":{"start":{"line":200,"column":59},"end":{"line":200,"column":60}},"loc":{"start":{"line":200,"column":75},"end":{"line":206,"column":3}},"line":200},"43":{"name":"(anonymous_43)","decl":{"start":{"line":201,"column":132},"end":{"line":201,"column":133}},"loc":{"start":{"line":201,"column":152},"end":{"line":205,"column":5}},"line":201},"44":{"name":"(anonymous_44)","decl":{"start":{"line":208,"column":67},"end":{"line":208,"column":68}},"loc":{"start":{"line":208,"column":83},"end":{"line":214,"column":3}},"line":208},"45":{"name":"(anonymous_45)","decl":{"start":{"line":209,"column":105},"end":{"line":209,"column":106}},"loc":{"start":{"line":209,"column":125},"end":{"line":213,"column":5}},"line":209},"46":{"name":"(anonymous_46)","decl":{"start":{"line":216,"column":67},"end":{"line":216,"column":68}},"loc":{"start":{"line":216,"column":83},"end":{"line":222,"column":3}},"line":216},"47":{"name":"(anonymous_47)","decl":{"start":{"line":217,"column":152},"end":{"line":217,"column":153}},"loc":{"start":{"line":217,"column":172},"end":{"line":221,"column":5}},"line":217},"48":{"name":"(anonymous_48)","decl":{"start":{"line":224,"column":67},"end":{"line":224,"column":68}},"loc":{"start":{"line":224,"column":83},"end":{"line":230,"column":3}},"line":224},"49":{"name":"(anonymous_49)","decl":{"start":{"line":225,"column":151},"end":{"line":225,"column":152}},"loc":{"start":{"line":225,"column":171},"end":{"line":229,"column":5}},"line":225},"50":{"name":"(anonymous_50)","decl":{"start":{"line":232,"column":68},"end":{"line":232,"column":69}},"loc":{"start":{"line":232,"column":84},"end":{"line":237,"column":3}},"line":232},"51":{"name":"(anonymous_51)","decl":{"start":{"line":233,"column":136},"end":{"line":233,"column":137}},"loc":{"start":{"line":233,"column":156},"end":{"line":236,"column":5}},"line":233},"52":{"name":"(anonymous_52)","decl":{"start":{"line":239,"column":57},"end":{"line":239,"column":58}},"loc":{"start":{"line":239,"column":73},"end":{"line":244,"column":3}},"line":239},"53":{"name":"(anonymous_53)","decl":{"start":{"line":240,"column":123},"end":{"line":240,"column":124}},"loc":{"start":{"line":240,"column":143},"end":{"line":243,"column":5}},"line":240},"54":{"name":"(anonymous_54)","decl":{"start":{"line":246,"column":62},"end":{"line":246,"column":63}},"loc":{"start":{"line":246,"column":78},"end":{"line":252,"column":3}},"line":246},"55":{"name":"(anonymous_55)","decl":{"start":{"line":247,"column":152},"end":{"line":247,"column":153}},"loc":{"start":{"line":247,"column":172},"end":{"line":251,"column":5}},"line":247},"56":{"name":"(anonymous_56)","decl":{"start":{"line":254,"column":76},"end":{"line":254,"column":77}},"loc":{"start":{"line":254,"column":92},"end":{"line":260,"column":3}},"line":254},"57":{"name":"(anonymous_57)","decl":{"start":{"line":255,"column":114},"end":{"line":255,"column":115}},"loc":{"start":{"line":255,"column":134},"end":{"line":259,"column":5}},"line":255},"58":{"name":"(anonymous_58)","decl":{"start":{"line":262,"column":76},"end":{"line":262,"column":77}},"loc":{"start":{"line":262,"column":92},"end":{"line":268,"column":3}},"line":262},"59":{"name":"(anonymous_59)","decl":{"start":{"line":263,"column":111},"end":{"line":263,"column":112}},"loc":{"start":{"line":263,"column":131},"end":{"line":267,"column":5}},"line":263},"60":{"name":"(anonymous_60)","decl":{"start":{"line":270,"column":67},"end":{"line":270,"column":68}},"loc":{"start":{"line":270,"column":83},"end":{"line":276,"column":3}},"line":270},"61":{"name":"(anonymous_61)","decl":{"start":{"line":271,"column":115},"end":{"line":271,"column":116}},"loc":{"start":{"line":271,"column":135},"end":{"line":275,"column":5}},"line":271},"62":{"name":"(anonymous_62)","decl":{"start":{"line":278,"column":67},"end":{"line":278,"column":68}},"loc":{"start":{"line":278,"column":83},"end":{"line":284,"column":3}},"line":278},"63":{"name":"(anonymous_63)","decl":{"start":{"line":279,"column":112},"end":{"line":279,"column":113}},"loc":{"start":{"line":279,"column":132},"end":{"line":283,"column":5}},"line":279},"64":{"name":"(anonymous_64)","decl":{"start":{"line":286,"column":69},"end":{"line":286,"column":70}},"loc":{"start":{"line":286,"column":85},"end":{"line":291,"column":3}},"line":286},"65":{"name":"(anonymous_65)","decl":{"start":{"line":287,"column":110},"end":{"line":287,"column":111}},"loc":{"start":{"line":287,"column":130},"end":{"line":290,"column":5}},"line":287},"66":{"name":"(anonymous_66)","decl":{"start":{"line":293,"column":51},"end":{"line":293,"column":52}},"loc":{"start":{"line":293,"column":67},"end":{"line":299,"column":3}},"line":293},"67":{"name":"(anonymous_67)","decl":{"start":{"line":294,"column":113},"end":{"line":294,"column":114}},"loc":{"start":{"line":294,"column":133},"end":{"line":298,"column":5}},"line":294},"68":{"name":"(anonymous_68)","decl":{"start":{"line":301,"column":66},"end":{"line":301,"column":67}},"loc":{"start":{"line":301,"column":82},"end":{"line":307,"column":3}},"line":301},"69":{"name":"(anonymous_69)","decl":{"start":{"line":302,"column":103},"end":{"line":302,"column":104}},"loc":{"start":{"line":302,"column":123},"end":{"line":306,"column":5}},"line":302}},"branchMap":{"0":{"loc":{"start":{"line":3,"column":15},"end":{"line":3,"column":256}},"type":"binary-expr","locations":[{"start":{"line":3,"column":15},"end":{"line":3,"column":28}},{"start":{"line":3,"column":32},"end":{"line":3,"column":256}}],"line":3},"1":{"loc":{"start":{"line":3,"column":150},"end":{"line":3,"column":235}},"type":"if","locations":[{"start":{"line":3,"column":150},"end":{"line":3,"column":235}},{"start":{"line":3,"column":150},"end":{"line":3,"column":235}}],"line":3},"2":{"loc":{"start":{"line":41,"column":46},"end":{"line":41,"column":92}},"type":"cond-expr","locations":[{"start":{"line":41,"column":70},"end":{"line":41,"column":73}},{"start":{"line":41,"column":76},"end":{"line":41,"column":92}}],"line":41},"3":{"loc":{"start":{"line":41,"column":46},"end":{"line":41,"column":67}},"type":"binary-expr","locations":[{"start":{"line":41,"column":46},"end":{"line":41,"column":49}},{"start":{"line":41,"column":53},"end":{"line":41,"column":67}}],"line":41}},"s":{"0":1,"1":0,"2":0,"3":0,"4":0,"5":0,"6":0,"7":1,"8":1,"9":1,"10":1,"11":1,"12":1,"13":1,"14":1,"15":1,"16":1,"17":1,"18":1,"19":1,"20":1,"21":1,"22":1,"23":1,"24":1,"25":9,"26":1,"27":1,"28":4,"29":4,"30":1,"31":1,"32":1,"33":1,"34":1,"35":1,"36":4,"37":4,"38":4,"39":1,"40":1,"41":1,"42":1,"43":1,"44":1,"45":1,"46":0,"47":1,"48":1,"49":1,"50":1,"51":1,"52":1,"53":0,"54":0,"55":1,"56":1,"57":1,"58":1,"59":1,"60":1,"61":1,"62":1,"63":1,"64":1,"65":1,"66":1,"67":1,"68":1,"69":1,"70":1,"71":1,"72":1,"73":1,"74":1,"75":1,"76":1,"77":1,"78":1,"79":1,"80":1,"81":1,"82":1,"83":1,"84":1,"85":1,"86":1,"87":1,"88":1,"89":1,"90":1,"91":1,"92":1,"93":1,"94":1,"95":1,"96":1,"97":1,"98":1,"99":1,"100":1,"101":1,"102":1,"103":1,"104":1,"105":1,"106":1,"107":1,"108":1,"109":1,"110":1,"111":1,"112":1,"113":1,"114":1,"115":1,"116":1,"117":1,"118":1,"119":1,"120":1,"121":1,"122":1,"123":1,"124":1,"125":1,"126":1,"127":1,"128":1,"129":1,"130":1,"131":1,"132":1,"133":1,"134":1,"135":1,"136":1,"137":1,"138":1,"139":1,"140":1,"141":1,"142":1,"143":1,"144":1,"145":1,"146":1,"147":1,"148":1,"149":1,"150":1,"151":1,"152":1,"153":1,"154":1,"155":1,"156":1,"157":1,"158":1,"159":1,"160":1,"161":1,"162":1,"163":1,"164":1,"165":1,"166":1,"167":1,"168":1,"169":1,"170":1,"171":1,"172":1,"173":1,"174":1,"175":1,"176":1,"177":1,"178":1,"179":1,"180":1,"181":1,"182":1,"183":1,"184":1,"185":1,"186":1,"187":1,"188":1,"189":1},"f":{"0":0,"1":9,"2":4,"3":4,"4":4,"5":4,"6":1,"7":1,"8":1,"9":1,"10":1,"11":0,"12":1,"13":1,"14":1,"15":0,"16":1,"17":1,"18":1,"19":1,"20":1,"21":1,"22":1,"23":1,"24":1,"25":1,"26":1,"27":1,"28":1,"29":1,"30":1,"31":1,"32":1,"33":1,"34":1,"35":1,"36":1,"37":1,"38":1,"39":1,"40":1,"41":1,"42":1,"43":1,"44":1,"45":1,"46":1,"47":1,"48":1,"49":1,"50":1,"51":1,"52":1,"53":1,"54":1,"55":1,"56":1,"57":1,"58":1,"59":1,"60":1,"61":1,"62":1,"63":1,"64":1,"65":1,"66":1,"67":1,"68":1,"69":1},"b":{"0":[1,0],"1":[0,0],"2":[0,9],"3":[9,9]},"_coverageSchema":"332fd63041d2c1bcb487cc26dd0d5f7d97098a6c","hash":"9159de5861b8852ea17c7ab308b459b4b269f299","contentHash":"f7d1ecf442b44f6dad5d9db8844d38ad_11.2.1"},"/Users/andeladeveloper/Desktop/backups/postitLatest/PostIt/tests/helpers/groups.js":{"path":"/Users/andeladeveloper/Desktop/backups/postitLatest/PostIt/tests/helpers/groups.js","statementMap":{"0":{"start":{"line":3,"column":0},"end":{"line":49,"column":2}}},"fnMap":{},"branchMap":{},"s":{"0":1},"f":{},"b":{},"_coverageSchema":"332fd63041d2c1bcb487cc26dd0d5f7d97098a6c","hash":"be45c84fe415af65ac6ae3c0ec4afa4a99b56a7d","contentHash":"3c717267094c608451e79b381dbc396b_11.2.1"},"/Users/andeladeveloper/Desktop/backups/postitLatest/PostIt/tests/helpers/messages.js":{"path":"/Users/andeladeveloper/Desktop/backups/postitLatest/PostIt/tests/helpers/messages.js","statementMap":{"0":{"start":{"line":3,"column":0},"end":{"line":12,"column":2}}},"fnMap":{},"branchMap":{},"s":{"0":1},"f":{},"b":{},"_coverageSchema":"332fd63041d2c1bcb487cc26dd0d5f7d97098a6c","hash":"219982ac16f9a700821dd1b384077e40f564c4a1","contentHash":"5b769c5a2ffd6627c162a4842a472e4b_11.2.1"}}